2014-10-31 14:38:35 ORA-06550: 第 1 行, 第 7 列: 
PLS-00306: 调用 'COM_RAISEALARM' 时参数个数或类型错误
ORA-06550: 第 1 行, 第 7 列: 
PL/SQL: Statement ignored




java.sql.SQLException: ORA-06550: 第 1 行, 第 7 列: 
PLS-00306: 调用 'COM_RAISEALARM' 时参数个数或类型错误
ORA-06550: 第 1 行, 第 7 列: 
PL/SQL: Statement ignored

	at oracle.jdbc.dbaccess.DBError.throwSqlException(DBError.java:180)
	at oracle.jdbc.ttc7.TTIoer.processError(TTIoer.java:208)
	at oracle.jdbc.ttc7.Oall7.receive(Oall7.java:543)
	at oracle.jdbc.ttc7.TTC7Protocol.doOall7(TTC7Protocol.java:1451)
	at oracle.jdbc.ttc7.TTC7Protocol.parseExecuteFetch(TTC7Protocol.java:862)
	at oracle.jdbc.driver.OracleStatement.executeNonQuery(OracleStatement.java:1846)
	at oracle.jdbc.driver.OracleStatement.doExecuteOther(OracleStatement.java:1771)
	at oracle.jdbc.driver.OracleStatement.doExecuteWithTimeout(OracleStatement.java:2361)
	at oracle.jdbc.driver.OraclePreparedStatement.executeUpdate(OraclePreparedStatement.java:422)
	at oracle.jdbc.driver.OraclePreparedStatement.execute(OraclePreparedStatement.java:487)
	at sun.reflect.NativeMethodAccessorImpl.invoke0(Native Method)
	at sun.reflect.NativeMethodAccessorImpl.invoke(NativeMethodAccessorImpl.java:39)
	at sun.reflect.DelegatingMethodAccessorImpl.invoke(DelegatingMethodAccessorImpl.java:25)
	at java.lang.reflect.Method.invoke(Method.java:597)
	at org.logicalcobwebs.proxool.ProxyStatement.invoke(ProxyStatement.java:100)
	at org.logicalcobwebs.proxool.ProxyStatement.intercept(ProxyStatement.java:57)
	at oracle.jdbc.OracleStatement$$EnhancerByProxool$$d847b909.execute(<generated>)
	at com.metarnet.sfpw.base.database.Database.raiseAlarm(Database.java:252)
	at com.metarnet.sfpw.base.database.TestDatabase.testRaiseAlarm(TestDatabase.java:139)
	at com.metarnet.sfpw.base.database.TestDatabase.main(TestDatabase.java:196)
2014-10-31 14:40:44 ORA-06550: 第 1 行, 第 7 列: 
PLS-00306: 调用 'COM_RAISEALARM' 时参数个数或类型错误
ORA-06550: 第 1 行, 第 7 列: 
PL/SQL: Statement ignored




java.sql.SQLException: ORA-06550: 第 1 行, 第 7 列: 
PLS-00306: 调用 'COM_RAISEALARM' 时参数个数或类型错误
ORA-06550: 第 1 行, 第 7 列: 
PL/SQL: Statement ignored

	at oracle.jdbc.dbaccess.DBError.throwSqlException(DBError.java:180)
	at oracle.jdbc.ttc7.TTIoer.processError(TTIoer.java:208)
	at oracle.jdbc.ttc7.Oall7.receive(Oall7.java:543)
	at oracle.jdbc.ttc7.TTC7Protocol.doOall7(TTC7Protocol.java:1451)
	at oracle.jdbc.ttc7.TTC7Protocol.parseExecuteFetch(TTC7Protocol.java:862)
	at oracle.jdbc.driver.OracleStatement.executeNonQuery(OracleStatement.java:1846)
	at oracle.jdbc.driver.OracleStatement.doExecuteOther(OracleStatement.java:1771)
	at oracle.jdbc.driver.OracleStatement.doExecuteWithTimeout(OracleStatement.java:2361)
	at oracle.jdbc.driver.OraclePreparedStatement.executeUpdate(OraclePreparedStatement.java:422)
	at oracle.jdbc.driver.OraclePreparedStatement.execute(OraclePreparedStatement.java:487)
	at sun.reflect.NativeMethodAccessorImpl.invoke0(Native Method)
	at sun.reflect.NativeMethodAccessorImpl.invoke(NativeMethodAccessorImpl.java:39)
	at sun.reflect.DelegatingMethodAccessorImpl.invoke(DelegatingMethodAccessorImpl.java:25)
	at java.lang.reflect.Method.invoke(Method.java:597)
	at org.logicalcobwebs.proxool.ProxyStatement.invoke(ProxyStatement.java:100)
	at org.logicalcobwebs.proxool.ProxyStatement.intercept(ProxyStatement.java:57)
	at $java.sql.Wrapper$$EnhancerByProxool$$d43c8009.execute(<generated>)
	at com.metarnet.sfpw.base.database.Database.raiseAlarm(Database.java:252)
	at com.metarnet.sfpw.base.database.TestDatabase.testRaiseAlarm(TestDatabase.java:139)
	at com.metarnet.sfpw.base.database.TestDatabase.main(TestDatabase.java:196)
2014-10-31 14:45:43 告警入库失败:告警中的设备名字在设备表里找不到(100ORA-01403: 未找到数据)



2014-10-31 14:49:21 ORA-06502: PL/SQL: 数字或值错误 :  字符到数值的转换错误
ORA-06512: 在 "SFPW616.COM_RAISEALARM", line 105
ORA-01403: 未找到数据
ORA-06512: 在 line 1




java.sql.SQLException: ORA-06502: PL/SQL: 数字或值错误 :  字符到数值的转换错误
ORA-06512: 在 "SFPW616.COM_RAISEALARM", line 105
ORA-01403: 未找到数据
ORA-06512: 在 line 1

	at oracle.jdbc.dbaccess.DBError.throwSqlException(DBError.java:180)
	at oracle.jdbc.ttc7.TTIoer.processError(TTIoer.java:208)
	at oracle.jdbc.ttc7.Oall7.receive(Oall7.java:543)
	at oracle.jdbc.ttc7.TTC7Protocol.doOall7(TTC7Protocol.java:1451)
	at oracle.jdbc.ttc7.TTC7Protocol.parseExecuteFetch(TTC7Protocol.java:862)
	at oracle.jdbc.driver.OracleStatement.executeNonQuery(OracleStatement.java:1846)
	at oracle.jdbc.driver.OracleStatement.doExecuteOther(OracleStatement.java:1771)
	at oracle.jdbc.driver.OracleStatement.doExecuteWithTimeout(OracleStatement.java:2361)
	at oracle.jdbc.driver.OraclePreparedStatement.executeUpdate(OraclePreparedStatement.java:422)
	at oracle.jdbc.driver.OraclePreparedStatement.execute(OraclePreparedStatement.java:487)
	at sun.reflect.NativeMethodAccessorImpl.invoke0(Native Method)
	at sun.reflect.NativeMethodAccessorImpl.invoke(NativeMethodAccessorImpl.java:39)
	at sun.reflect.DelegatingMethodAccessorImpl.invoke(DelegatingMethodAccessorImpl.java:25)
	at java.lang.reflect.Method.invoke(Method.java:597)
	at org.logicalcobwebs.proxool.ProxyStatement.invoke(ProxyStatement.java:100)
	at org.logicalcobwebs.proxool.ProxyStatement.intercept(ProxyStatement.java:57)
	at oracle.jdbc.internal.OraclePreparedStatement$$EnhancerByProxool$$45bec968.execute(<generated>)
	at com.metarnet.sfpw.base.database.Database.raiseAlarm(Database.java:256)
	at com.metarnet.sfpw.base.database.TestDatabase.testRaiseAlarm(TestDatabase.java:139)
	at com.metarnet.sfpw.base.database.TestDatabase.main(TestDatabase.java:196)
2014-10-31 14:57:52 告警入库失败:告警中的设备名字在设备表里找不到(100ORA-01403: 未找到数据)



2014-10-31 14:58:22 告警入库失败:告警中的设备名字在设备表里找不到(100ORA-01403: 未找到数据)



2014-10-31 14:58:39 告警入库失败:告警中的设备名字在设备表里找不到(100ORA-01403: 未找到数据)



