2014-10-31 14:38:34 Proxool 0.9.0RC3 (10-Jan-2007 01:38)
2014-10-31 14:38:34 Recognised proxool property: proxool.driver=oracle.jdbc.driver.OracleDriver
2014-10-31 14:38:34 Recognised proxool property: proxool.url=jdbc:oracle:thin:@localhost:1521:orcl
2014-10-31 14:38:34 Delegating property to driver: user=sfpw616
2014-10-31 14:38:34 Delegating property to driver: password=********
2014-10-31 14:38:34 Recognised proxool property: proxool.maximum-connection-count=10
2014-10-31 14:38:34 Recognised proxool property: proxool.minimum-connection-count=3
2014-10-31 14:38:34 Recognised proxool property: proxool.house-keeping-test-sql=select sysdate from dual
2014-10-31 14:38:34 Registered shutdownHook
2014-10-31 14:38:34 Registering 'com.metarnet.sfpw.base.database.Database.kyland_wx_eth' house keeper
2014-10-31 14:38:34 Starting a house keeper thread
2014-10-31 14:38:35 Remembering default value: getTransactionIsolation() = 2
2014-10-31 14:38:35 oracle.jdbc.driver.OracleDriver does not support getHoldability. Proxool doesn't mind.
2014-10-31 14:38:35 oracle.jdbc.driver.OracleDriver does not support setHoldability. Proxool doesn't mind.
2014-10-31 14:38:35 Remembering default value: getCatalog() = null
2014-10-31 14:38:35 Remembering default value: isReadOnly() = false
2014-10-31 14:38:35 Remembering default value: getTypeMap() = {}
2014-10-31 14:38:35 Proxool statistics legend: "s - r  (a/t/o)" > s=served, r=refused (only shown if non-zero), a=active, t=total, o=offline (being tested)
2014-10-31 14:38:35 Proxool statistics legend: "s - r  (a/t/o)" > s=served, r=refused (only shown if non-zero), a=active, t=total, o=offline (being tested)
2014-10-31 14:38:35 000000 (01/02/00) - Connection #1 created on demand = ACTIVE
2014-10-31 14:38:35 000000 (01/02/00) - Connection #2 created to achieve minimum of 3 = AVAILABLE
2014-10-31 14:38:35 000001 (01/03/00) - Connection #3 created to achieve minimum of 3 = AVAILABLE
2014-10-31 14:38:35 Implementing interface oracle.jdbc.driver.ClientDataSupport
2014-10-31 14:38:35 Implementing interface oracle.jdbc.OracleConnection
2014-10-31 14:38:35 Implementing interface java.sql.Wrapper
2014-10-31 14:38:35 Implementing interface oracle.jdbc.internal.OracleConnection
2014-10-31 14:38:35 Implementing interface java.sql.Connection
2014-10-31 14:38:35 Getting injectableCallableStatementInterface
2014-10-31 14:38:35 Implementing interface oracle.jdbc.OracleStatement
2014-10-31 14:38:35 Implementing interface java.sql.PreparedStatement
2014-10-31 14:38:35 Implementing interface java.sql.Wrapper
2014-10-31 14:38:35 Implementing interface oracle.jdbc.internal.OracleStatement
2014-10-31 14:38:35 Implementing interface oracle.jdbc.OracleCallableStatement
2014-10-31 14:38:35 Implementing interface oracle.jdbc.internal.OracleCallableStatement
2014-10-31 14:38:35 Implementing interface java.sql.CallableStatement
2014-10-31 14:38:35 Implementing interface java.sql.Statement
2014-10-31 14:38:35 Implementing interface oracle.jdbc.OraclePreparedStatement
2014-10-31 14:38:35 Implementing interface oracle.jdbc.internal.OraclePreparedStatement
2014-10-31 14:38:35 Running ShutdownHook
2014-10-31 14:38:35 Shutting down 'com.metarnet.sfpw.base.database.Database.kyland_wx_eth' pool immediately [Shutdown Hook]
2014-10-31 14:38:35 000002 (00/02/00) - #0003 removed because of shutdown.
2014-10-31 14:38:35 Connection #3 closed
2014-10-31 14:38:35 000002 (00/01/00) - #0002 removed because of shutdown.
2014-10-31 14:38:35 Connection #2 closed
2014-10-31 14:38:35 000002 (00/00/00) - #0001 removed because of shutdown.
2014-10-31 14:38:35 Connection #1 closed
2014-10-31 14:38:35 'com.metarnet.sfpw.base.database.Database.kyland_wx_eth' pool has been closed down by Shutdown Hook in 3 milliseconds.
2014-10-31 14:38:35 Stopping Prototyper thread
2014-10-31 14:38:35 Stopping HouseKeeper thread
2014-10-31 14:40:43 Proxool 0.9.0RC3 (10-Jan-2007 01:38)
2014-10-31 14:40:43 Recognised proxool property: proxool.driver=oracle.jdbc.driver.OracleDriver
2014-10-31 14:40:43 Recognised proxool property: proxool.url=jdbc:oracle:thin:@localhost:1521:orcl
2014-10-31 14:40:43 Delegating property to driver: user=sfpw616
2014-10-31 14:40:43 Delegating property to driver: password=********
2014-10-31 14:40:43 Recognised proxool property: proxool.maximum-connection-count=10
2014-10-31 14:40:43 Recognised proxool property: proxool.minimum-connection-count=3
2014-10-31 14:40:43 Recognised proxool property: proxool.house-keeping-test-sql=select sysdate from dual
2014-10-31 14:40:43 Registered shutdownHook
2014-10-31 14:40:43 Registering 'com.metarnet.sfpw.base.database.Database.kyland_wx_eth' house keeper
2014-10-31 14:40:43 Starting a house keeper thread
2014-10-31 14:40:44 Remembering default value: getTransactionIsolation() = 2
2014-10-31 14:40:44 oracle.jdbc.driver.OracleDriver does not support getHoldability. Proxool doesn't mind.
2014-10-31 14:40:44 oracle.jdbc.driver.OracleDriver does not support setHoldability. Proxool doesn't mind.
2014-10-31 14:40:44 Remembering default value: getCatalog() = null
2014-10-31 14:40:44 Remembering default value: isReadOnly() = false
2014-10-31 14:40:44 Remembering default value: getTypeMap() = {}
2014-10-31 14:40:44 Proxool statistics legend: "s - r  (a/t/o)" > s=served, r=refused (only shown if non-zero), a=active, t=total, o=offline (being tested)
2014-10-31 14:40:44 Proxool statistics legend: "s - r  (a/t/o)" > s=served, r=refused (only shown if non-zero), a=active, t=total, o=offline (being tested)
2014-10-31 14:40:44 000000 (01/02/00) - Connection #2 created to achieve minimum of 3 = AVAILABLE
2014-10-31 14:40:44 000000 (01/02/00) - Connection #1 created on demand = ACTIVE
2014-10-31 14:40:44 000001 (01/03/00) - Connection #3 created to achieve minimum of 3 = AVAILABLE
2014-10-31 14:40:44 Implementing interface oracle.jdbc.internal.OracleConnection
2014-10-31 14:40:44 Implementing interface java.sql.Wrapper
2014-10-31 14:40:44 Implementing interface java.sql.Connection
2014-10-31 14:40:44 Implementing interface oracle.jdbc.driver.ClientDataSupport
2014-10-31 14:40:44 Implementing interface oracle.jdbc.OracleConnection
2014-10-31 14:40:44 Getting injectableCallableStatementInterface
2014-10-31 14:40:44 Implementing interface java.sql.Wrapper
2014-10-31 14:40:44 Implementing interface oracle.jdbc.OracleStatement
2014-10-31 14:40:44 Implementing interface java.sql.PreparedStatement
2014-10-31 14:40:44 Implementing interface oracle.jdbc.internal.OracleStatement
2014-10-31 14:40:44 Implementing interface oracle.jdbc.OracleCallableStatement
2014-10-31 14:40:44 Implementing interface oracle.jdbc.internal.OracleCallableStatement
2014-10-31 14:40:44 Implementing interface java.sql.CallableStatement
2014-10-31 14:40:44 Implementing interface java.sql.Statement
2014-10-31 14:40:44 Implementing interface oracle.jdbc.OraclePreparedStatement
2014-10-31 14:40:44 Implementing interface oracle.jdbc.internal.OraclePreparedStatement
2014-10-31 14:40:44 Running ShutdownHook
2014-10-31 14:40:44 Shutting down 'com.metarnet.sfpw.base.database.Database.kyland_wx_eth' pool immediately [Shutdown Hook]
2014-10-31 14:40:44 000002 (00/02/00) - #0003 removed because of shutdown.
2014-10-31 14:40:44 Connection #3 closed
2014-10-31 14:40:44 000002 (00/01/00) - #0001 removed because of shutdown.
2014-10-31 14:40:44 Connection #1 closed
2014-10-31 14:40:44 000002 (00/00/00) - #0002 removed because of shutdown.
2014-10-31 14:40:44 Connection #2 closed
2014-10-31 14:40:44 'com.metarnet.sfpw.base.database.Database.kyland_wx_eth' pool has been closed down by Shutdown Hook in 4 milliseconds.
2014-10-31 14:40:44 Stopping Prototyper thread
2014-10-31 14:40:44 Stopping HouseKeeper thread
2014-10-31 14:45:42 Proxool 0.9.0RC3 (10-Jan-2007 01:38)
2014-10-31 14:45:42 Recognised proxool property: proxool.driver=oracle.jdbc.driver.OracleDriver
2014-10-31 14:45:42 Recognised proxool property: proxool.url=jdbc:oracle:thin:@localhost:1521:orcl
2014-10-31 14:45:42 Delegating property to driver: user=sfpw616
2014-10-31 14:45:42 Delegating property to driver: password=********
2014-10-31 14:45:42 Recognised proxool property: proxool.maximum-connection-count=10
2014-10-31 14:45:42 Recognised proxool property: proxool.minimum-connection-count=3
2014-10-31 14:45:42 Recognised proxool property: proxool.house-keeping-test-sql=select sysdate from dual
2014-10-31 14:45:42 Registered shutdownHook
2014-10-31 14:45:42 Registering 'com.metarnet.sfpw.base.database.Database.kyland_wx_eth' house keeper
2014-10-31 14:45:42 Starting a house keeper thread
2014-10-31 14:45:42 Remembering default value: getTransactionIsolation() = 2
2014-10-31 14:45:42 oracle.jdbc.driver.OracleDriver does not support getHoldability. Proxool doesn't mind.
2014-10-31 14:45:42 oracle.jdbc.driver.OracleDriver does not support setHoldability. Proxool doesn't mind.
2014-10-31 14:45:42 Remembering default value: getCatalog() = null
2014-10-31 14:45:42 Remembering default value: isReadOnly() = false
2014-10-31 14:45:42 Remembering default value: getTypeMap() = {}
2014-10-31 14:45:42 Proxool statistics legend: "s - r  (a/t/o)" > s=served, r=refused (only shown if non-zero), a=active, t=total, o=offline (being tested)
2014-10-31 14:45:42 Proxool statistics legend: "s - r  (a/t/o)" > s=served, r=refused (only shown if non-zero), a=active, t=total, o=offline (being tested)
2014-10-31 14:45:42 000000 (01/02/00) - Connection #1 created on demand = ACTIVE
2014-10-31 14:45:42 000000 (01/02/00) - Connection #2 created to achieve minimum of 3 = AVAILABLE
2014-10-31 14:45:42 000001 (01/03/00) - Connection #3 created to achieve minimum of 3 = AVAILABLE
2014-10-31 14:45:42 Implementing interface oracle.jdbc.internal.OracleConnection
2014-10-31 14:45:42 Implementing interface oracle.jdbc.OracleConnection
2014-10-31 14:45:42 Implementing interface java.sql.Wrapper
2014-10-31 14:45:42 Implementing interface oracle.jdbc.driver.ClientDataSupport
2014-10-31 14:45:42 Implementing interface java.sql.Connection
2014-10-31 14:45:43 Getting injectableCallableStatementInterface
2014-10-31 14:45:43 Implementing interface oracle.jdbc.internal.OracleCallableStatement
2014-10-31 14:45:43 Implementing interface oracle.jdbc.OracleStatement
2014-10-31 14:45:43 Implementing interface java.sql.PreparedStatement
2014-10-31 14:45:43 Implementing interface java.sql.CallableStatement
2014-10-31 14:45:43 Implementing interface java.sql.Wrapper
2014-10-31 14:45:43 Implementing interface oracle.jdbc.internal.OracleStatement
2014-10-31 14:45:43 Implementing interface oracle.jdbc.internal.OraclePreparedStatement
2014-10-31 14:45:43 Implementing interface oracle.jdbc.OraclePreparedStatement
2014-10-31 14:45:43 Implementing interface oracle.jdbc.OracleCallableStatement
2014-10-31 14:45:43 Implementing interface java.sql.Statement
2014-10-31 14:45:43 Running ShutdownHook
2014-10-31 14:45:43 Shutting down 'com.metarnet.sfpw.base.database.Database.kyland_wx_eth' pool immediately [Shutdown Hook]
2014-10-31 14:45:43 000002 (00/02/00) - #0003 removed because of shutdown.
2014-10-31 14:45:43 Connection #3 closed
2014-10-31 14:45:43 000002 (00/01/00) - #0002 removed because of shutdown.
2014-10-31 14:45:43 Connection #2 closed
2014-10-31 14:45:43 000002 (00/00/00) - #0001 removed because of shutdown.
2014-10-31 14:45:43 Connection #1 closed
2014-10-31 14:45:43 'com.metarnet.sfpw.base.database.Database.kyland_wx_eth' pool has been closed down by Shutdown Hook in 2 milliseconds.
2014-10-31 14:45:43 Stopping Prototyper thread
2014-10-31 14:45:43 Stopping HouseKeeper thread
2014-10-31 14:46:26 Proxool 0.9.0RC3 (10-Jan-2007 01:38)
2014-10-31 14:46:26 Recognised proxool property: proxool.driver=oracle.jdbc.driver.OracleDriver
2014-10-31 14:46:26 Recognised proxool property: proxool.url=jdbc:oracle:thin:@localhost:1521:orcl
2014-10-31 14:46:26 Delegating property to driver: user=sfpw616
2014-10-31 14:46:26 Delegating property to driver: password=********
2014-10-31 14:46:26 Recognised proxool property: proxool.maximum-connection-count=10
2014-10-31 14:46:26 Recognised proxool property: proxool.minimum-connection-count=3
2014-10-31 14:46:26 Recognised proxool property: proxool.house-keeping-test-sql=select sysdate from dual
2014-10-31 14:46:26 Registered shutdownHook
2014-10-31 14:46:26 Registering 'com.metarnet.sfpw.base.database.Database.kyland_wx_eth' house keeper
2014-10-31 14:46:26 Starting a house keeper thread
2014-10-31 14:46:27 Remembering default value: getTransactionIsolation() = 2
2014-10-31 14:46:27 oracle.jdbc.driver.OracleDriver does not support getHoldability. Proxool doesn't mind.
2014-10-31 14:46:27 oracle.jdbc.driver.OracleDriver does not support setHoldability. Proxool doesn't mind.
2014-10-31 14:46:27 Remembering default value: getCatalog() = null
2014-10-31 14:46:27 Remembering default value: isReadOnly() = false
2014-10-31 14:46:27 Remembering default value: getTypeMap() = {}
2014-10-31 14:46:27 Proxool statistics legend: "s - r  (a/t/o)" > s=served, r=refused (only shown if non-zero), a=active, t=total, o=offline (being tested)
2014-10-31 14:46:27 Proxool statistics legend: "s - r  (a/t/o)" > s=served, r=refused (only shown if non-zero), a=active, t=total, o=offline (being tested)
2014-10-31 14:46:27 000000 (01/02/00) - Connection #2 created to achieve minimum of 3 = AVAILABLE
2014-10-31 14:46:27 000000 (01/02/00) - Connection #1 created on demand = ACTIVE
2014-10-31 14:46:27 000001 (01/03/00) - Connection #3 created to achieve minimum of 3 = AVAILABLE
2014-10-31 14:46:27 Implementing interface java.sql.Connection
2014-10-31 14:46:27 Implementing interface oracle.jdbc.OracleConnection
2014-10-31 14:46:27 Implementing interface oracle.jdbc.driver.ClientDataSupport
2014-10-31 14:46:27 Implementing interface java.sql.Wrapper
2014-10-31 14:46:27 Implementing interface oracle.jdbc.internal.OracleConnection
2014-10-31 14:46:27 Getting injectableCallableStatementInterface
2014-10-31 14:46:27 Implementing interface oracle.jdbc.internal.OraclePreparedStatement
2014-10-31 14:46:27 Implementing interface oracle.jdbc.OracleCallableStatement
2014-10-31 14:46:27 Implementing interface java.sql.Statement
2014-10-31 14:46:27 Implementing interface oracle.jdbc.OracleStatement
2014-10-31 14:46:27 Implementing interface java.sql.Wrapper
2014-10-31 14:46:27 Implementing interface oracle.jdbc.internal.OracleCallableStatement
2014-10-31 14:46:27 Implementing interface java.sql.CallableStatement
2014-10-31 14:46:27 Implementing interface java.sql.PreparedStatement
2014-10-31 14:46:27 Implementing interface oracle.jdbc.internal.OracleStatement
2014-10-31 14:46:27 Implementing interface oracle.jdbc.OraclePreparedStatement
2014-10-31 14:46:27 Running ShutdownHook
2014-10-31 14:46:27 Shutting down 'com.metarnet.sfpw.base.database.Database.kyland_wx_eth' pool immediately [Shutdown Hook]
2014-10-31 14:46:27 000002 (00/02/00) - #0003 removed because of shutdown.
2014-10-31 14:46:27 Connection #3 closed
2014-10-31 14:46:27 000002 (00/01/00) - #0001 removed because of shutdown.
2014-10-31 14:46:27 Connection #1 closed
2014-10-31 14:46:27 000002 (00/00/00) - #0002 removed because of shutdown.
2014-10-31 14:46:27 Connection #2 closed
2014-10-31 14:46:27 'com.metarnet.sfpw.base.database.Database.kyland_wx_eth' pool has been closed down by Shutdown Hook in 2 milliseconds.
2014-10-31 14:46:27 Stopping Prototyper thread
2014-10-31 14:46:27 Stopping HouseKeeper thread
2014-10-31 14:49:20 Proxool 0.9.0RC3 (10-Jan-2007 01:38)
2014-10-31 14:49:20 Recognised proxool property: proxool.driver=oracle.jdbc.driver.OracleDriver
2014-10-31 14:49:20 Recognised proxool property: proxool.url=jdbc:oracle:thin:@localhost:1521:orcl
2014-10-31 14:49:20 Delegating property to driver: user=sfpw616
2014-10-31 14:49:20 Delegating property to driver: password=********
2014-10-31 14:49:20 Recognised proxool property: proxool.maximum-connection-count=10
2014-10-31 14:49:20 Recognised proxool property: proxool.minimum-connection-count=3
2014-10-31 14:49:20 Recognised proxool property: proxool.house-keeping-test-sql=select sysdate from dual
2014-10-31 14:49:20 Registered shutdownHook
2014-10-31 14:49:20 Registering 'com.metarnet.sfpw.base.database.Database.kyland_wx_eth' house keeper
2014-10-31 14:49:20 Starting a house keeper thread
2014-10-31 14:49:21 Remembering default value: getTransactionIsolation() = 2
2014-10-31 14:49:21 oracle.jdbc.driver.OracleDriver does not support getHoldability. Proxool doesn't mind.
2014-10-31 14:49:21 oracle.jdbc.driver.OracleDriver does not support setHoldability. Proxool doesn't mind.
2014-10-31 14:49:21 Remembering default value: getCatalog() = null
2014-10-31 14:49:21 Remembering default value: isReadOnly() = false
2014-10-31 14:49:21 Remembering default value: getTypeMap() = {}
2014-10-31 14:49:21 Proxool statistics legend: "s - r  (a/t/o)" > s=served, r=refused (only shown if non-zero), a=active, t=total, o=offline (being tested)
2014-10-31 14:49:21 Proxool statistics legend: "s - r  (a/t/o)" > s=served, r=refused (only shown if non-zero), a=active, t=total, o=offline (being tested)
2014-10-31 14:49:21 000000 (01/02/00) - Connection #1 created on demand = ACTIVE
2014-10-31 14:49:21 000000 (01/02/00) - Connection #2 created to achieve minimum of 3 = AVAILABLE
2014-10-31 14:49:21 000001 (01/03/00) - Connection #3 created to achieve minimum of 3 = AVAILABLE
2014-10-31 14:49:21 Implementing interface oracle.jdbc.OracleConnection
2014-10-31 14:49:21 Implementing interface oracle.jdbc.internal.OracleConnection
2014-10-31 14:49:21 Implementing interface java.sql.Wrapper
2014-10-31 14:49:21 Implementing interface oracle.jdbc.driver.ClientDataSupport
2014-10-31 14:49:21 Implementing interface java.sql.Connection
2014-10-31 14:49:21 Getting injectableCallableStatementInterface
2014-10-31 14:49:21 Implementing interface oracle.jdbc.internal.OraclePreparedStatement
2014-10-31 14:49:21 Implementing interface oracle.jdbc.OracleCallableStatement
2014-10-31 14:49:21 Implementing interface java.sql.Statement
2014-10-31 14:49:21 Implementing interface oracle.jdbc.OracleStatement
2014-10-31 14:49:21 Implementing interface java.sql.Wrapper
2014-10-31 14:49:21 Implementing interface oracle.jdbc.internal.OracleCallableStatement
2014-10-31 14:49:21 Implementing interface java.sql.CallableStatement
2014-10-31 14:49:21 Implementing interface java.sql.PreparedStatement
2014-10-31 14:49:21 Implementing interface oracle.jdbc.internal.OracleStatement
2014-10-31 14:49:21 Implementing interface oracle.jdbc.OraclePreparedStatement
2014-10-31 14:49:21 Running ShutdownHook
2014-10-31 14:49:21 Shutting down 'com.metarnet.sfpw.base.database.Database.kyland_wx_eth' pool immediately [Shutdown Hook]
2014-10-31 14:49:21 000002 (00/02/00) - #0003 removed because of shutdown.
2014-10-31 14:49:21 Connection #3 closed
2014-10-31 14:49:21 000002 (00/01/00) - #0001 removed because of shutdown.
2014-10-31 14:49:21 Connection #1 closed
2014-10-31 14:49:21 000002 (00/00/00) - #0002 removed because of shutdown.
2014-10-31 14:49:21 Connection #2 closed
2014-10-31 14:49:21 'com.metarnet.sfpw.base.database.Database.kyland_wx_eth' pool has been closed down by Shutdown Hook in 19 milliseconds.
2014-10-31 14:49:21 Stopping Prototyper thread
2014-10-31 14:49:21 Stopping HouseKeeper thread
2014-10-31 14:51:29 Proxool 0.9.0RC3 (10-Jan-2007 01:38)
2014-10-31 14:51:29 Recognised proxool property: proxool.driver=oracle.jdbc.driver.OracleDriver
2014-10-31 14:51:29 Recognised proxool property: proxool.url=jdbc:oracle:thin:@localhost:1521:orcl
2014-10-31 14:51:29 Delegating property to driver: user=sfpw616
2014-10-31 14:51:29 Delegating property to driver: password=********
2014-10-31 14:51:29 Recognised proxool property: proxool.maximum-connection-count=10
2014-10-31 14:51:29 Recognised proxool property: proxool.minimum-connection-count=3
2014-10-31 14:51:29 Recognised proxool property: proxool.house-keeping-test-sql=select sysdate from dual
2014-10-31 14:51:29 Registered shutdownHook
2014-10-31 14:51:29 Registering 'com.metarnet.sfpw.base.database.Database.kyland_wx_eth' house keeper
2014-10-31 14:51:29 Starting a house keeper thread
2014-10-31 14:51:29 Remembering default value: getTransactionIsolation() = 2
2014-10-31 14:51:29 oracle.jdbc.driver.OracleDriver does not support getHoldability. Proxool doesn't mind.
2014-10-31 14:51:29 oracle.jdbc.driver.OracleDriver does not support setHoldability. Proxool doesn't mind.
2014-10-31 14:51:29 Remembering default value: getCatalog() = null
2014-10-31 14:51:29 Remembering default value: isReadOnly() = false
2014-10-31 14:51:29 Remembering default value: getTypeMap() = {}
2014-10-31 14:51:29 Proxool statistics legend: "s - r  (a/t/o)" > s=served, r=refused (only shown if non-zero), a=active, t=total, o=offline (being tested)
2014-10-31 14:51:29 Proxool statistics legend: "s - r  (a/t/o)" > s=served, r=refused (only shown if non-zero), a=active, t=total, o=offline (being tested)
2014-10-31 14:51:29 000000 (01/02/00) - Connection #1 created on demand = ACTIVE
2014-10-31 14:51:29 000000 (01/02/00) - Connection #2 created to achieve minimum of 3 = AVAILABLE
2014-10-31 14:51:29 000001 (01/03/00) - Connection #3 created to achieve minimum of 3 = AVAILABLE
2014-10-31 14:51:29 Implementing interface oracle.jdbc.internal.OracleConnection
2014-10-31 14:51:29 Implementing interface java.sql.Connection
2014-10-31 14:51:29 Implementing interface java.sql.Wrapper
2014-10-31 14:51:29 Implementing interface oracle.jdbc.OracleConnection
2014-10-31 14:51:29 Implementing interface oracle.jdbc.driver.ClientDataSupport
2014-10-31 14:51:29 Getting injectableCallableStatementInterface
2014-10-31 14:51:29 Implementing interface oracle.jdbc.internal.OracleStatement
2014-10-31 14:51:29 Implementing interface oracle.jdbc.OraclePreparedStatement
2014-10-31 14:51:29 Implementing interface java.sql.CallableStatement
2014-10-31 14:51:29 Implementing interface java.sql.Statement
2014-10-31 14:51:29 Implementing interface java.sql.Wrapper
2014-10-31 14:51:29 Implementing interface oracle.jdbc.internal.OracleCallableStatement
2014-10-31 14:51:29 Implementing interface oracle.jdbc.OracleCallableStatement
2014-10-31 14:51:29 Implementing interface oracle.jdbc.internal.OraclePreparedStatement
2014-10-31 14:51:29 Implementing interface oracle.jdbc.OracleStatement
2014-10-31 14:51:29 Implementing interface java.sql.PreparedStatement
2014-10-31 14:51:29 Running ShutdownHook
2014-10-31 14:51:29 Shutting down 'com.metarnet.sfpw.base.database.Database.kyland_wx_eth' pool immediately [Shutdown Hook]
2014-10-31 14:51:29 000002 (00/02/00) - #0003 removed because of shutdown.
2014-10-31 14:51:29 Connection #3 closed
2014-10-31 14:51:29 000002 (00/01/00) - #0001 removed because of shutdown.
2014-10-31 14:51:29 Connection #1 closed
2014-10-31 14:51:29 000002 (00/00/00) - #0002 removed because of shutdown.
2014-10-31 14:51:29 Connection #2 closed
2014-10-31 14:51:29 'com.metarnet.sfpw.base.database.Database.kyland_wx_eth' pool has been closed down by Shutdown Hook in 2 milliseconds.
2014-10-31 14:51:29 Stopping Prototyper thread
2014-10-31 14:51:29 Stopping HouseKeeper thread
2014-10-31 14:52:11 Proxool 0.9.0RC3 (10-Jan-2007 01:38)
2014-10-31 14:52:11 Recognised proxool property: proxool.driver=oracle.jdbc.driver.OracleDriver
2014-10-31 14:52:11 Recognised proxool property: proxool.url=jdbc:oracle:thin:@localhost:1521:orcl
2014-10-31 14:52:11 Delegating property to driver: user=sfpw616
2014-10-31 14:52:11 Delegating property to driver: password=********
2014-10-31 14:52:11 Recognised proxool property: proxool.maximum-connection-count=10
2014-10-31 14:52:11 Recognised proxool property: proxool.minimum-connection-count=3
2014-10-31 14:52:11 Recognised proxool property: proxool.house-keeping-test-sql=select sysdate from dual
2014-10-31 14:52:11 Registered shutdownHook
2014-10-31 14:52:11 Registering 'com.metarnet.sfpw.base.database.Database.kyland_wx_eth' house keeper
2014-10-31 14:52:11 Starting a house keeper thread
2014-10-31 14:52:11 Remembering default value: getTransactionIsolation() = 2
2014-10-31 14:52:11 oracle.jdbc.driver.OracleDriver does not support getHoldability. Proxool doesn't mind.
2014-10-31 14:52:11 oracle.jdbc.driver.OracleDriver does not support setHoldability. Proxool doesn't mind.
2014-10-31 14:52:11 Remembering default value: getCatalog() = null
2014-10-31 14:52:11 Remembering default value: isReadOnly() = false
2014-10-31 14:52:11 Remembering default value: getTypeMap() = {}
2014-10-31 14:52:11 Proxool statistics legend: "s - r  (a/t/o)" > s=served, r=refused (only shown if non-zero), a=active, t=total, o=offline (being tested)
2014-10-31 14:52:11 Proxool statistics legend: "s - r  (a/t/o)" > s=served, r=refused (only shown if non-zero), a=active, t=total, o=offline (being tested)
2014-10-31 14:52:11 000000 (01/02/00) - Connection #2 created to achieve minimum of 3 = AVAILABLE
2014-10-31 14:52:11 000000 (01/02/00) - Connection #1 created on demand = ACTIVE
2014-10-31 14:52:11 000001 (01/03/00) - Connection #3 created to achieve minimum of 3 = AVAILABLE
2014-10-31 14:52:11 Implementing interface oracle.jdbc.internal.OracleConnection
2014-10-31 14:52:11 Implementing interface java.sql.Wrapper
2014-10-31 14:52:11 Implementing interface java.sql.Connection
2014-10-31 14:52:11 Implementing interface oracle.jdbc.driver.ClientDataSupport
2014-10-31 14:52:11 Implementing interface oracle.jdbc.OracleConnection
2014-10-31 14:52:11 Getting injectableCallableStatementInterface
2014-10-31 14:52:11 Implementing interface java.sql.Wrapper
2014-10-31 14:52:11 Implementing interface oracle.jdbc.internal.OracleStatement
2014-10-31 14:52:11 Implementing interface oracle.jdbc.OraclePreparedStatement
2014-10-31 14:52:11 Implementing interface java.sql.CallableStatement
2014-10-31 14:52:11 Implementing interface oracle.jdbc.internal.OraclePreparedStatement
2014-10-31 14:52:11 Implementing interface oracle.jdbc.internal.OracleCallableStatement
2014-10-31 14:52:11 Implementing interface oracle.jdbc.OracleCallableStatement
2014-10-31 14:52:11 Implementing interface java.sql.PreparedStatement
2014-10-31 14:52:11 Implementing interface java.sql.Statement
2014-10-31 14:52:11 Implementing interface oracle.jdbc.OracleStatement
2014-10-31 14:52:11 Running ShutdownHook
2014-10-31 14:52:11 Shutting down 'com.metarnet.sfpw.base.database.Database.kyland_wx_eth' pool immediately [Shutdown Hook]
2014-10-31 14:52:11 000002 (00/02/00) - #0003 removed because of shutdown.
2014-10-31 14:52:11 Connection #3 closed
2014-10-31 14:52:11 000002 (00/01/00) - #0001 removed because of shutdown.
2014-10-31 14:52:11 Connection #1 closed
2014-10-31 14:52:11 000002 (00/00/00) - #0002 removed because of shutdown.
2014-10-31 14:52:11 Connection #2 closed
2014-10-31 14:52:11 'com.metarnet.sfpw.base.database.Database.kyland_wx_eth' pool has been closed down by Shutdown Hook in 3 milliseconds.
2014-10-31 14:52:11 Stopping Prototyper thread
2014-10-31 14:52:11 Stopping HouseKeeper thread
2014-10-31 14:53:14 Proxool 0.9.0RC3 (10-Jan-2007 01:38)
2014-10-31 14:53:14 Recognised proxool property: proxool.driver=oracle.jdbc.driver.OracleDriver
2014-10-31 14:53:14 Recognised proxool property: proxool.url=jdbc:oracle:thin:@localhost:1521:orcl
2014-10-31 14:53:14 Delegating property to driver: user=sfpw616
2014-10-31 14:53:14 Delegating property to driver: password=********
2014-10-31 14:53:14 Recognised proxool property: proxool.maximum-connection-count=10
2014-10-31 14:53:14 Recognised proxool property: proxool.minimum-connection-count=3
2014-10-31 14:53:14 Recognised proxool property: proxool.house-keeping-test-sql=select sysdate from dual
2014-10-31 14:53:14 Registered shutdownHook
2014-10-31 14:53:14 Registering 'com.metarnet.sfpw.base.database.Database.kyland_wx_eth' house keeper
2014-10-31 14:53:14 Starting a house keeper thread
2014-10-31 14:53:14 Remembering default value: getTransactionIsolation() = 2
2014-10-31 14:53:14 oracle.jdbc.driver.OracleDriver does not support getHoldability. Proxool doesn't mind.
2014-10-31 14:53:14 oracle.jdbc.driver.OracleDriver does not support setHoldability. Proxool doesn't mind.
2014-10-31 14:53:14 Remembering default value: getCatalog() = null
2014-10-31 14:53:14 Remembering default value: isReadOnly() = false
2014-10-31 14:53:14 Remembering default value: getTypeMap() = {}
2014-10-31 14:53:14 Proxool statistics legend: "s - r  (a/t/o)" > s=served, r=refused (only shown if non-zero), a=active, t=total, o=offline (being tested)
2014-10-31 14:53:14 Proxool statistics legend: "s - r  (a/t/o)" > s=served, r=refused (only shown if non-zero), a=active, t=total, o=offline (being tested)
2014-10-31 14:53:14 000000 (01/02/00) - Connection #2 created to achieve minimum of 3 = AVAILABLE
2014-10-31 14:53:14 000000 (01/02/00) - Connection #1 created on demand = ACTIVE
2014-10-31 14:53:14 000001 (01/03/00) - Connection #3 created to achieve minimum of 3 = AVAILABLE
2014-10-31 14:53:14 Implementing interface java.sql.Connection
2014-10-31 14:53:14 Implementing interface oracle.jdbc.driver.ClientDataSupport
2014-10-31 14:53:14 Implementing interface oracle.jdbc.internal.OracleConnection
2014-10-31 14:53:14 Implementing interface oracle.jdbc.OracleConnection
2014-10-31 14:53:14 Implementing interface java.sql.Wrapper
2014-10-31 14:53:14 Getting injectableCallableStatementInterface
2014-10-31 14:53:14 Implementing interface oracle.jdbc.internal.OracleStatement
2014-10-31 14:53:14 Implementing interface oracle.jdbc.OraclePreparedStatement
2014-10-31 14:53:14 Implementing interface oracle.jdbc.internal.OracleCallableStatement
2014-10-31 14:53:14 Implementing interface oracle.jdbc.OracleCallableStatement
2014-10-31 14:53:14 Implementing interface java.sql.PreparedStatement
2014-10-31 14:53:14 Implementing interface java.sql.CallableStatement
2014-10-31 14:53:14 Implementing interface oracle.jdbc.OracleStatement
2014-10-31 14:53:14 Implementing interface java.sql.Statement
2014-10-31 14:53:14 Implementing interface oracle.jdbc.internal.OraclePreparedStatement
2014-10-31 14:53:14 Implementing interface java.sql.Wrapper
2014-10-31 14:53:14 Running ShutdownHook
2014-10-31 14:53:14 Shutting down 'com.metarnet.sfpw.base.database.Database.kyland_wx_eth' pool immediately [Shutdown Hook]
2014-10-31 14:53:14 000002 (00/02/00) - #0003 removed because of shutdown.
2014-10-31 14:53:14 Connection #3 closed
2014-10-31 14:53:14 000002 (00/01/00) - #0001 removed because of shutdown.
2014-10-31 14:53:14 Connection #1 closed
2014-10-31 14:53:14 000002 (00/00/00) - #0002 removed because of shutdown.
2014-10-31 14:53:14 Connection #2 closed
2014-10-31 14:53:14 'com.metarnet.sfpw.base.database.Database.kyland_wx_eth' pool has been closed down by Shutdown Hook in 1 milliseconds.
2014-10-31 14:53:14 Stopping Prototyper thread
2014-10-31 14:53:14 Stopping HouseKeeper thread
2014-10-31 14:53:22 Proxool 0.9.0RC3 (10-Jan-2007 01:38)
2014-10-31 14:53:22 Recognised proxool property: proxool.driver=oracle.jdbc.driver.OracleDriver
2014-10-31 14:53:22 Recognised proxool property: proxool.url=jdbc:oracle:thin:@localhost:1521:orcl
2014-10-31 14:53:22 Delegating property to driver: user=sfpw616
2014-10-31 14:53:22 Delegating property to driver: password=********
2014-10-31 14:53:22 Recognised proxool property: proxool.maximum-connection-count=10
2014-10-31 14:53:22 Recognised proxool property: proxool.minimum-connection-count=3
2014-10-31 14:53:22 Recognised proxool property: proxool.house-keeping-test-sql=select sysdate from dual
2014-10-31 14:53:22 Registered shutdownHook
2014-10-31 14:53:22 Registering 'com.metarnet.sfpw.base.database.Database.kyland_wx_eth' house keeper
2014-10-31 14:53:22 Starting a house keeper thread
2014-10-31 14:53:22 Remembering default value: getTransactionIsolation() = 2
2014-10-31 14:53:22 oracle.jdbc.driver.OracleDriver does not support getHoldability. Proxool doesn't mind.
2014-10-31 14:53:22 oracle.jdbc.driver.OracleDriver does not support setHoldability. Proxool doesn't mind.
2014-10-31 14:53:22 Remembering default value: getCatalog() = null
2014-10-31 14:53:22 Remembering default value: isReadOnly() = false
2014-10-31 14:53:22 Remembering default value: getTypeMap() = {}
2014-10-31 14:53:22 Proxool statistics legend: "s - r  (a/t/o)" > s=served, r=refused (only shown if non-zero), a=active, t=total, o=offline (being tested)
2014-10-31 14:53:22 000000 (00/01/00) - Connection #2 created to achieve minimum of 3 = AVAILABLE
2014-10-31 14:53:22 000000 (01/02/00) - Connection #1 created on demand = ACTIVE
2014-10-31 14:53:22 Implementing interface oracle.jdbc.driver.ClientDataSupport
2014-10-31 14:53:22 Implementing interface oracle.jdbc.OracleConnection
2014-10-31 14:53:22 Implementing interface java.sql.Connection
2014-10-31 14:53:22 Implementing interface java.sql.Wrapper
2014-10-31 14:53:22 Implementing interface oracle.jdbc.internal.OracleConnection
2014-10-31 14:53:22 000001 (01/03/00) - Connection #3 created to achieve minimum of 3 = AVAILABLE
2014-10-31 14:53:22 Getting injectableCallableStatementInterface
2014-10-31 14:53:22 Implementing interface oracle.jdbc.internal.OraclePreparedStatement
2014-10-31 14:53:22 Implementing interface java.sql.Statement
2014-10-31 14:53:22 Implementing interface oracle.jdbc.internal.OracleCallableStatement
2014-10-31 14:53:22 Implementing interface java.sql.CallableStatement
2014-10-31 14:53:22 Implementing interface oracle.jdbc.OracleCallableStatement
2014-10-31 14:53:22 Implementing interface oracle.jdbc.OraclePreparedStatement
2014-10-31 14:53:22 Implementing interface java.sql.PreparedStatement
2014-10-31 14:53:22 Implementing interface oracle.jdbc.OracleStatement
2014-10-31 14:53:22 Implementing interface java.sql.Wrapper
2014-10-31 14:53:22 Implementing interface oracle.jdbc.internal.OracleStatement
2014-10-31 14:53:22 Running ShutdownHook
2014-10-31 14:53:22 Shutting down 'com.metarnet.sfpw.base.database.Database.kyland_wx_eth' pool immediately [Shutdown Hook]
2014-10-31 14:53:22 000002 (00/02/00) - #0003 removed because of shutdown.
2014-10-31 14:53:22 Connection #3 closed
2014-10-31 14:53:22 000002 (00/01/00) - #0001 removed because of shutdown.
2014-10-31 14:53:22 Connection #1 closed
2014-10-31 14:53:22 000002 (00/00/00) - #0002 removed because of shutdown.
2014-10-31 14:53:22 Connection #2 closed
2014-10-31 14:53:22 'com.metarnet.sfpw.base.database.Database.kyland_wx_eth' pool has been closed down by Shutdown Hook in 3 milliseconds.
2014-10-31 14:53:22 Stopping Prototyper thread
2014-10-31 14:53:22 Stopping HouseKeeper thread
2014-10-31 14:54:24 Proxool 0.9.0RC3 (10-Jan-2007 01:38)
2014-10-31 14:54:24 Recognised proxool property: proxool.driver=oracle.jdbc.driver.OracleDriver
2014-10-31 14:54:24 Recognised proxool property: proxool.url=jdbc:oracle:thin:@localhost:1521:orcl
2014-10-31 14:54:24 Delegating property to driver: user=sfpw616
2014-10-31 14:54:24 Delegating property to driver: password=********
2014-10-31 14:54:24 Recognised proxool property: proxool.maximum-connection-count=10
2014-10-31 14:54:24 Recognised proxool property: proxool.minimum-connection-count=3
2014-10-31 14:54:24 Recognised proxool property: proxool.house-keeping-test-sql=select sysdate from dual
2014-10-31 14:54:24 Registered shutdownHook
2014-10-31 14:54:24 Registering 'com.metarnet.sfpw.base.database.Database.kyland_wx_eth' house keeper
2014-10-31 14:54:24 Starting a house keeper thread
2014-10-31 14:54:24 Remembering default value: getTransactionIsolation() = 2
2014-10-31 14:54:24 oracle.jdbc.driver.OracleDriver does not support getHoldability. Proxool doesn't mind.
2014-10-31 14:54:24 oracle.jdbc.driver.OracleDriver does not support setHoldability. Proxool doesn't mind.
2014-10-31 14:54:24 Remembering default value: getCatalog() = null
2014-10-31 14:54:24 Remembering default value: isReadOnly() = false
2014-10-31 14:54:24 Remembering default value: getTypeMap() = {}
2014-10-31 14:54:24 Proxool statistics legend: "s - r  (a/t/o)" > s=served, r=refused (only shown if non-zero), a=active, t=total, o=offline (being tested)
2014-10-31 14:54:24 Proxool statistics legend: "s - r  (a/t/o)" > s=served, r=refused (only shown if non-zero), a=active, t=total, o=offline (being tested)
2014-10-31 14:54:24 000000 (01/02/00) - Connection #1 created on demand = ACTIVE
2014-10-31 14:54:24 000000 (01/02/00) - Connection #2 created to achieve minimum of 3 = AVAILABLE
2014-10-31 14:54:24 000001 (01/03/00) - Connection #3 created to achieve minimum of 3 = AVAILABLE
2014-10-31 14:54:24 Implementing interface java.sql.Connection
2014-10-31 14:54:24 Implementing interface oracle.jdbc.OracleConnection
2014-10-31 14:54:24 Implementing interface oracle.jdbc.driver.ClientDataSupport
2014-10-31 14:54:24 Implementing interface java.sql.Wrapper
2014-10-31 14:54:24 Implementing interface oracle.jdbc.internal.OracleConnection
2014-10-31 14:54:24 Getting injectableCallableStatementInterface
2014-10-31 14:54:24 Implementing interface oracle.jdbc.internal.OracleStatement
2014-10-31 14:54:24 Implementing interface oracle.jdbc.OraclePreparedStatement
2014-10-31 14:54:24 Implementing interface java.sql.CallableStatement
2014-10-31 14:54:24 Implementing interface oracle.jdbc.internal.OraclePreparedStatement
2014-10-31 14:54:24 Implementing interface oracle.jdbc.internal.OracleCallableStatement
2014-10-31 14:54:24 Implementing interface java.sql.Wrapper
2014-10-31 14:54:24 Implementing interface oracle.jdbc.OracleCallableStatement
2014-10-31 14:54:24 Implementing interface java.sql.PreparedStatement
2014-10-31 14:54:24 Implementing interface java.sql.Statement
2014-10-31 14:54:24 Implementing interface oracle.jdbc.OracleStatement
2014-10-31 14:54:24 Running ShutdownHook
2014-10-31 14:54:24 Shutting down 'com.metarnet.sfpw.base.database.Database.kyland_wx_eth' pool immediately [Shutdown Hook]
2014-10-31 14:54:24 000002 (00/02/00) - #0003 removed because of shutdown.
2014-10-31 14:54:24 Connection #3 closed
2014-10-31 14:54:24 000002 (00/01/00) - #0001 removed because of shutdown.
2014-10-31 14:54:24 Connection #1 closed
2014-10-31 14:54:24 000002 (00/00/00) - #0002 removed because of shutdown.
2014-10-31 14:54:24 Connection #2 closed
2014-10-31 14:54:24 'com.metarnet.sfpw.base.database.Database.kyland_wx_eth' pool has been closed down by Shutdown Hook in 3 milliseconds.
2014-10-31 14:54:24 Stopping Prototyper thread
2014-10-31 14:54:24 Stopping HouseKeeper thread
2014-10-31 14:54:39 Proxool 0.9.0RC3 (10-Jan-2007 01:38)
2014-10-31 14:54:39 Recognised proxool property: proxool.driver=oracle.jdbc.driver.OracleDriver
2014-10-31 14:54:39 Recognised proxool property: proxool.url=jdbc:oracle:thin:@localhost:1521:orcl
2014-10-31 14:54:39 Delegating property to driver: user=sfpw616
2014-10-31 14:54:39 Delegating property to driver: password=********
2014-10-31 14:54:39 Recognised proxool property: proxool.maximum-connection-count=10
2014-10-31 14:54:39 Recognised proxool property: proxool.minimum-connection-count=3
2014-10-31 14:54:39 Recognised proxool property: proxool.house-keeping-test-sql=select sysdate from dual
2014-10-31 14:54:39 Registered shutdownHook
2014-10-31 14:54:39 Registering 'com.metarnet.sfpw.base.database.Database.kyland_wx_eth' house keeper
2014-10-31 14:54:39 Starting a house keeper thread
2014-10-31 14:54:39 Remembering default value: getTransactionIsolation() = 2
2014-10-31 14:54:39 oracle.jdbc.driver.OracleDriver does not support getHoldability. Proxool doesn't mind.
2014-10-31 14:54:39 oracle.jdbc.driver.OracleDriver does not support setHoldability. Proxool doesn't mind.
2014-10-31 14:54:39 Remembering default value: getCatalog() = null
2014-10-31 14:54:39 Remembering default value: isReadOnly() = false
2014-10-31 14:54:39 Remembering default value: getTypeMap() = {}
2014-10-31 14:54:39 Proxool statistics legend: "s - r  (a/t/o)" > s=served, r=refused (only shown if non-zero), a=active, t=total, o=offline (being tested)
2014-10-31 14:54:39 000000 (00/01/00) - Connection #2 created to achieve minimum of 3 = AVAILABLE
2014-10-31 14:54:39 000000 (01/02/00) - Connection #1 created on demand = ACTIVE
2014-10-31 14:54:39 000001 (01/03/00) - Connection #3 created to achieve minimum of 3 = AVAILABLE
2014-10-31 14:54:39 Implementing interface oracle.jdbc.OracleConnection
2014-10-31 14:54:39 Implementing interface oracle.jdbc.internal.OracleConnection
2014-10-31 14:54:39 Implementing interface java.sql.Wrapper
2014-10-31 14:54:39 Implementing interface oracle.jdbc.driver.ClientDataSupport
2014-10-31 14:54:39 Implementing interface java.sql.Connection
2014-10-31 14:54:39 Getting injectableCallableStatementInterface
2014-10-31 14:54:39 Implementing interface oracle.jdbc.internal.OraclePreparedStatement
2014-10-31 14:54:39 Implementing interface oracle.jdbc.OracleCallableStatement
2014-10-31 14:54:39 Implementing interface java.sql.Statement
2014-10-31 14:54:39 Implementing interface oracle.jdbc.OracleStatement
2014-10-31 14:54:39 Implementing interface java.sql.Wrapper
2014-10-31 14:54:39 Implementing interface oracle.jdbc.internal.OracleCallableStatement
2014-10-31 14:54:39 Implementing interface java.sql.CallableStatement
2014-10-31 14:54:39 Implementing interface java.sql.PreparedStatement
2014-10-31 14:54:39 Implementing interface oracle.jdbc.internal.OracleStatement
2014-10-31 14:54:39 Implementing interface oracle.jdbc.OraclePreparedStatement
2014-10-31 14:54:39 Running ShutdownHook
2014-10-31 14:54:39 Shutting down 'com.metarnet.sfpw.base.database.Database.kyland_wx_eth' pool immediately [Shutdown Hook]
2014-10-31 14:54:39 000002 (00/02/00) - #0003 removed because of shutdown.
2014-10-31 14:54:39 Connection #3 closed
2014-10-31 14:54:39 000002 (00/01/00) - #0001 removed because of shutdown.
2014-10-31 14:54:39 Connection #1 closed
2014-10-31 14:54:39 000002 (00/00/00) - #0002 removed because of shutdown.
2014-10-31 14:54:39 Connection #2 closed
2014-10-31 14:54:39 'com.metarnet.sfpw.base.database.Database.kyland_wx_eth' pool has been closed down by Shutdown Hook in 3 milliseconds.
2014-10-31 14:54:39 Stopping Prototyper thread
2014-10-31 14:54:39 Stopping HouseKeeper thread
2014-10-31 14:56:48 Proxool 0.9.0RC3 (10-Jan-2007 01:38)
2014-10-31 14:56:48 Recognised proxool property: proxool.driver=oracle.jdbc.driver.OracleDriver
2014-10-31 14:56:48 Recognised proxool property: proxool.url=jdbc:oracle:thin:@localhost:1521:orcl
2014-10-31 14:56:48 Delegating property to driver: user=sfpw616
2014-10-31 14:56:48 Delegating property to driver: password=********
2014-10-31 14:56:48 Recognised proxool property: proxool.maximum-connection-count=10
2014-10-31 14:56:48 Recognised proxool property: proxool.minimum-connection-count=3
2014-10-31 14:56:48 Recognised proxool property: proxool.house-keeping-test-sql=select sysdate from dual
2014-10-31 14:56:48 Registered shutdownHook
2014-10-31 14:56:48 Registering 'com.metarnet.sfpw.base.database.Database.kyland_wx_eth' house keeper
2014-10-31 14:56:48 Starting a house keeper thread
2014-10-31 14:56:48 Remembering default value: getTransactionIsolation() = 2
2014-10-31 14:56:48 oracle.jdbc.driver.OracleDriver does not support getHoldability. Proxool doesn't mind.
2014-10-31 14:56:48 oracle.jdbc.driver.OracleDriver does not support setHoldability. Proxool doesn't mind.
2014-10-31 14:56:48 Remembering default value: getCatalog() = null
2014-10-31 14:56:48 Remembering default value: isReadOnly() = false
2014-10-31 14:56:48 Remembering default value: getTypeMap() = {}
2014-10-31 14:56:48 Proxool statistics legend: "s - r  (a/t/o)" > s=served, r=refused (only shown if non-zero), a=active, t=total, o=offline (being tested)
2014-10-31 14:56:48 Proxool statistics legend: "s - r  (a/t/o)" > s=served, r=refused (only shown if non-zero), a=active, t=total, o=offline (being tested)
2014-10-31 14:56:48 000000 (01/02/00) - Connection #1 created on demand = ACTIVE
2014-10-31 14:56:48 000000 (01/02/00) - Connection #2 created to achieve minimum of 3 = AVAILABLE
2014-10-31 14:56:48 000001 (01/03/00) - Connection #3 created to achieve minimum of 3 = AVAILABLE
2014-10-31 14:56:48 Implementing interface java.sql.Connection
2014-10-31 14:56:48 Implementing interface oracle.jdbc.OracleConnection
2014-10-31 14:56:48 Implementing interface oracle.jdbc.driver.ClientDataSupport
2014-10-31 14:56:48 Implementing interface java.sql.Wrapper
2014-10-31 14:56:48 Implementing interface oracle.jdbc.internal.OracleConnection
2014-10-31 14:56:48 Getting injectableCallableStatementInterface
2014-10-31 14:56:48 Implementing interface oracle.jdbc.internal.OraclePreparedStatement
2014-10-31 14:56:48 Implementing interface oracle.jdbc.OracleCallableStatement
2014-10-31 14:56:48 Implementing interface java.sql.Statement
2014-10-31 14:56:48 Implementing interface oracle.jdbc.OracleStatement
2014-10-31 14:56:48 Implementing interface java.sql.Wrapper
2014-10-31 14:56:48 Implementing interface oracle.jdbc.internal.OracleCallableStatement
2014-10-31 14:56:48 Implementing interface java.sql.CallableStatement
2014-10-31 14:56:48 Implementing interface java.sql.PreparedStatement
2014-10-31 14:56:48 Implementing interface oracle.jdbc.internal.OracleStatement
2014-10-31 14:56:48 Implementing interface oracle.jdbc.OraclePreparedStatement
2014-10-31 14:56:48 Running ShutdownHook
2014-10-31 14:56:48 Shutting down 'com.metarnet.sfpw.base.database.Database.kyland_wx_eth' pool immediately [Shutdown Hook]
2014-10-31 14:56:48 000002 (00/02/00) - #0003 removed because of shutdown.
2014-10-31 14:56:48 Connection #3 closed
2014-10-31 14:56:48 000002 (00/01/00) - #0001 removed because of shutdown.
2014-10-31 14:56:48 Connection #1 closed
2014-10-31 14:56:48 000002 (00/00/00) - #0002 removed because of shutdown.
2014-10-31 14:56:48 Connection #2 closed
2014-10-31 14:56:48 'com.metarnet.sfpw.base.database.Database.kyland_wx_eth' pool has been closed down by Shutdown Hook in 2 milliseconds.
2014-10-31 14:56:48 Stopping Prototyper thread
2014-10-31 14:56:48 Stopping HouseKeeper thread
2014-10-31 14:56:59 Proxool 0.9.0RC3 (10-Jan-2007 01:38)
2014-10-31 14:56:59 Recognised proxool property: proxool.driver=oracle.jdbc.driver.OracleDriver
2014-10-31 14:56:59 Recognised proxool property: proxool.url=jdbc:oracle:thin:@localhost:1521:orcl
2014-10-31 14:56:59 Delegating property to driver: user=sfpw616
2014-10-31 14:56:59 Delegating property to driver: password=********
2014-10-31 14:56:59 Recognised proxool property: proxool.maximum-connection-count=10
2014-10-31 14:56:59 Recognised proxool property: proxool.minimum-connection-count=3
2014-10-31 14:56:59 Recognised proxool property: proxool.house-keeping-test-sql=select sysdate from dual
2014-10-31 14:56:59 Registered shutdownHook
2014-10-31 14:56:59 Registering 'com.metarnet.sfpw.base.database.Database.kyland_wx_eth' house keeper
2014-10-31 14:56:59 Starting a house keeper thread
2014-10-31 14:56:59 Remembering default value: getTransactionIsolation() = 2
2014-10-31 14:56:59 oracle.jdbc.driver.OracleDriver does not support getHoldability. Proxool doesn't mind.
2014-10-31 14:56:59 oracle.jdbc.driver.OracleDriver does not support setHoldability. Proxool doesn't mind.
2014-10-31 14:56:59 Remembering default value: getCatalog() = null
2014-10-31 14:56:59 Remembering default value: isReadOnly() = false
2014-10-31 14:56:59 Remembering default value: getTypeMap() = {}
2014-10-31 14:56:59 Proxool statistics legend: "s - r  (a/t/o)" > s=served, r=refused (only shown if non-zero), a=active, t=total, o=offline (being tested)
2014-10-31 14:56:59 Proxool statistics legend: "s - r  (a/t/o)" > s=served, r=refused (only shown if non-zero), a=active, t=total, o=offline (being tested)
2014-10-31 14:56:59 000000 (01/02/00) - Connection #1 created on demand = ACTIVE
2014-10-31 14:56:59 000000 (01/02/00) - Connection #2 created to achieve minimum of 3 = AVAILABLE
2014-10-31 14:56:59 000001 (01/03/00) - Connection #3 created to achieve minimum of 3 = AVAILABLE
2014-10-31 14:56:59 Implementing interface oracle.jdbc.OracleConnection
2014-10-31 14:56:59 Implementing interface oracle.jdbc.internal.OracleConnection
2014-10-31 14:56:59 Implementing interface java.sql.Wrapper
2014-10-31 14:56:59 Implementing interface oracle.jdbc.driver.ClientDataSupport
2014-10-31 14:56:59 Implementing interface java.sql.Connection
2014-10-31 14:57:00 Getting injectableCallableStatementInterface
2014-10-31 14:57:00 Implementing interface oracle.jdbc.internal.OraclePreparedStatement
2014-10-31 14:57:00 Implementing interface oracle.jdbc.OracleCallableStatement
2014-10-31 14:57:00 Implementing interface java.sql.Statement
2014-10-31 14:57:00 Implementing interface oracle.jdbc.OracleStatement
2014-10-31 14:57:00 Implementing interface java.sql.Wrapper
2014-10-31 14:57:00 Implementing interface oracle.jdbc.internal.OracleCallableStatement
2014-10-31 14:57:00 Implementing interface java.sql.CallableStatement
2014-10-31 14:57:00 Implementing interface java.sql.PreparedStatement
2014-10-31 14:57:00 Implementing interface oracle.jdbc.internal.OracleStatement
2014-10-31 14:57:00 Implementing interface oracle.jdbc.OraclePreparedStatement
2014-10-31 14:57:00 Running ShutdownHook
2014-10-31 14:57:00 Shutting down 'com.metarnet.sfpw.base.database.Database.kyland_wx_eth' pool immediately [Shutdown Hook]
2014-10-31 14:57:00 000002 (00/02/00) - #0003 removed because of shutdown.
2014-10-31 14:57:00 Connection #3 closed
2014-10-31 14:57:00 000002 (00/01/00) - #0002 removed because of shutdown.
2014-10-31 14:57:00 Connection #2 closed
2014-10-31 14:57:00 000002 (00/00/00) - #0001 removed because of shutdown.
2014-10-31 14:57:00 Connection #1 closed
2014-10-31 14:57:00 'com.metarnet.sfpw.base.database.Database.kyland_wx_eth' pool has been closed down by Shutdown Hook in 2 milliseconds.
2014-10-31 14:57:00 Stopping Prototyper thread
2014-10-31 14:57:00 Stopping HouseKeeper thread
2014-10-31 14:57:52 Proxool 0.9.0RC3 (10-Jan-2007 01:38)
2014-10-31 14:57:52 Recognised proxool property: proxool.driver=oracle.jdbc.driver.OracleDriver
2014-10-31 14:57:52 Recognised proxool property: proxool.url=jdbc:oracle:thin:@localhost:1521:orcl
2014-10-31 14:57:52 Delegating property to driver: user=sfpw616
2014-10-31 14:57:52 Delegating property to driver: password=********
2014-10-31 14:57:52 Recognised proxool property: proxool.maximum-connection-count=10
2014-10-31 14:57:52 Recognised proxool property: proxool.minimum-connection-count=3
2014-10-31 14:57:52 Recognised proxool property: proxool.house-keeping-test-sql=select sysdate from dual
2014-10-31 14:57:52 Registered shutdownHook
2014-10-31 14:57:52 Registering 'com.metarnet.sfpw.base.database.Database.kyland_wx_eth' house keeper
2014-10-31 14:57:52 Starting a house keeper thread
2014-10-31 14:57:52 Remembering default value: getTransactionIsolation() = 2
2014-10-31 14:57:52 oracle.jdbc.driver.OracleDriver does not support getHoldability. Proxool doesn't mind.
2014-10-31 14:57:52 oracle.jdbc.driver.OracleDriver does not support setHoldability. Proxool doesn't mind.
2014-10-31 14:57:52 Remembering default value: getCatalog() = null
2014-10-31 14:57:52 Remembering default value: isReadOnly() = false
2014-10-31 14:57:52 Remembering default value: getTypeMap() = {}
2014-10-31 14:57:52 Proxool statistics legend: "s - r  (a/t/o)" > s=served, r=refused (only shown if non-zero), a=active, t=total, o=offline (being tested)
2014-10-31 14:57:52 Proxool statistics legend: "s - r  (a/t/o)" > s=served, r=refused (only shown if non-zero), a=active, t=total, o=offline (being tested)
2014-10-31 14:57:52 000000 (01/02/00) - Connection #1 created on demand = ACTIVE
2014-10-31 14:57:52 000000 (01/02/00) - Connection #2 created to achieve minimum of 3 = AVAILABLE
2014-10-31 14:57:52 000001 (01/03/00) - Connection #3 created to achieve minimum of 3 = AVAILABLE
2014-10-31 14:57:52 Implementing interface java.sql.Connection
2014-10-31 14:57:52 Implementing interface oracle.jdbc.driver.ClientDataSupport
2014-10-31 14:57:52 Implementing interface oracle.jdbc.internal.OracleConnection
2014-10-31 14:57:52 Implementing interface oracle.jdbc.OracleConnection
2014-10-31 14:57:52 Implementing interface java.sql.Wrapper
2014-10-31 14:57:52 Getting injectableCallableStatementInterface
2014-10-31 14:57:52 Implementing interface oracle.jdbc.internal.OracleStatement
2014-10-31 14:57:52 Implementing interface oracle.jdbc.OraclePreparedStatement
2014-10-31 14:57:52 Implementing interface oracle.jdbc.internal.OracleCallableStatement
2014-10-31 14:57:52 Implementing interface oracle.jdbc.OracleCallableStatement
2014-10-31 14:57:52 Implementing interface java.sql.PreparedStatement
2014-10-31 14:57:52 Implementing interface java.sql.CallableStatement
2014-10-31 14:57:52 Implementing interface oracle.jdbc.OracleStatement
2014-10-31 14:57:52 Implementing interface java.sql.Statement
2014-10-31 14:57:52 Implementing interface oracle.jdbc.internal.OraclePreparedStatement
2014-10-31 14:57:52 Implementing interface java.sql.Wrapper
2014-10-31 14:57:52 Running ShutdownHook
2014-10-31 14:57:52 Shutting down 'com.metarnet.sfpw.base.database.Database.kyland_wx_eth' pool immediately [Shutdown Hook]
2014-10-31 14:57:52 000002 (00/02/00) - #0003 removed because of shutdown.
2014-10-31 14:57:52 Connection #3 closed
2014-10-31 14:57:52 000002 (00/01/00) - #0001 removed because of shutdown.
2014-10-31 14:57:52 Connection #1 closed
2014-10-31 14:57:52 000002 (00/00/00) - #0002 removed because of shutdown.
2014-10-31 14:57:52 Connection #2 closed
2014-10-31 14:57:52 'com.metarnet.sfpw.base.database.Database.kyland_wx_eth' pool has been closed down by Shutdown Hook in 2 milliseconds.
2014-10-31 14:57:52 Stopping Prototyper thread
2014-10-31 14:57:52 Stopping HouseKeeper thread
2014-10-31 14:58:21 Proxool 0.9.0RC3 (10-Jan-2007 01:38)
2014-10-31 14:58:21 Recognised proxool property: proxool.driver=oracle.jdbc.driver.OracleDriver
2014-10-31 14:58:21 Recognised proxool property: proxool.url=jdbc:oracle:thin:@localhost:1521:orcl
2014-10-31 14:58:21 Delegating property to driver: user=sfpw616
2014-10-31 14:58:21 Delegating property to driver: password=********
2014-10-31 14:58:21 Recognised proxool property: proxool.maximum-connection-count=10
2014-10-31 14:58:21 Recognised proxool property: proxool.minimum-connection-count=3
2014-10-31 14:58:21 Recognised proxool property: proxool.house-keeping-test-sql=select sysdate from dual
2014-10-31 14:58:21 Registered shutdownHook
2014-10-31 14:58:21 Registering 'com.metarnet.sfpw.base.database.Database.kyland_wx_eth' house keeper
2014-10-31 14:58:21 Starting a house keeper thread
2014-10-31 14:58:22 Remembering default value: getTransactionIsolation() = 2
2014-10-31 14:58:22 oracle.jdbc.driver.OracleDriver does not support getHoldability. Proxool doesn't mind.
2014-10-31 14:58:22 oracle.jdbc.driver.OracleDriver does not support setHoldability. Proxool doesn't mind.
2014-10-31 14:58:22 Remembering default value: getCatalog() = null
2014-10-31 14:58:22 Remembering default value: isReadOnly() = false
2014-10-31 14:58:22 Remembering default value: getTypeMap() = {}
2014-10-31 14:58:22 Proxool statistics legend: "s - r  (a/t/o)" > s=served, r=refused (only shown if non-zero), a=active, t=total, o=offline (being tested)
2014-10-31 14:58:22 Proxool statistics legend: "s - r  (a/t/o)" > s=served, r=refused (only shown if non-zero), a=active, t=total, o=offline (being tested)
2014-10-31 14:58:22 000000 (01/02/00) - Connection #1 created on demand = ACTIVE
2014-10-31 14:58:22 000000 (01/02/00) - Connection #2 created to achieve minimum of 3 = AVAILABLE
2014-10-31 14:58:22 000001 (01/03/00) - Connection #3 created to achieve minimum of 3 = AVAILABLE
2014-10-31 14:58:22 Implementing interface java.sql.Connection
2014-10-31 14:58:22 Implementing interface oracle.jdbc.OracleConnection
2014-10-31 14:58:22 Implementing interface oracle.jdbc.driver.ClientDataSupport
2014-10-31 14:58:22 Implementing interface java.sql.Wrapper
2014-10-31 14:58:22 Implementing interface oracle.jdbc.internal.OracleConnection
2014-10-31 14:58:22 Getting injectableCallableStatementInterface
2014-10-31 14:58:22 Implementing interface oracle.jdbc.internal.OracleStatement
2014-10-31 14:58:22 Implementing interface oracle.jdbc.OraclePreparedStatement
2014-10-31 14:58:22 Implementing interface java.sql.CallableStatement
2014-10-31 14:58:22 Implementing interface oracle.jdbc.internal.OraclePreparedStatement
2014-10-31 14:58:22 Implementing interface oracle.jdbc.internal.OracleCallableStatement
2014-10-31 14:58:22 Implementing interface java.sql.Wrapper
2014-10-31 14:58:22 Implementing interface oracle.jdbc.OracleCallableStatement
2014-10-31 14:58:22 Implementing interface java.sql.PreparedStatement
2014-10-31 14:58:22 Implementing interface java.sql.Statement
2014-10-31 14:58:22 Implementing interface oracle.jdbc.OracleStatement
2014-10-31 14:58:22 Running ShutdownHook
2014-10-31 14:58:22 Shutting down 'com.metarnet.sfpw.base.database.Database.kyland_wx_eth' pool immediately [Shutdown Hook]
2014-10-31 14:58:22 000002 (00/02/00) - #0003 removed because of shutdown.
2014-10-31 14:58:22 Connection #3 closed
2014-10-31 14:58:22 000002 (00/01/00) - #0001 removed because of shutdown.
2014-10-31 14:58:22 Connection #1 closed
2014-10-31 14:58:22 000002 (00/00/00) - #0002 removed because of shutdown.
2014-10-31 14:58:22 Connection #2 closed
2014-10-31 14:58:22 'com.metarnet.sfpw.base.database.Database.kyland_wx_eth' pool has been closed down by Shutdown Hook in 2 milliseconds.
2014-10-31 14:58:22 Stopping Prototyper thread
2014-10-31 14:58:22 Stopping HouseKeeper thread
2014-10-31 14:58:39 Proxool 0.9.0RC3 (10-Jan-2007 01:38)
2014-10-31 14:58:39 Recognised proxool property: proxool.driver=oracle.jdbc.driver.OracleDriver
2014-10-31 14:58:39 Recognised proxool property: proxool.url=jdbc:oracle:thin:@localhost:1521:orcl
2014-10-31 14:58:39 Delegating property to driver: user=sfpw616
2014-10-31 14:58:39 Delegating property to driver: password=********
2014-10-31 14:58:39 Recognised proxool property: proxool.maximum-connection-count=10
2014-10-31 14:58:39 Recognised proxool property: proxool.minimum-connection-count=3
2014-10-31 14:58:39 Recognised proxool property: proxool.house-keeping-test-sql=select sysdate from dual
2014-10-31 14:58:39 Registered shutdownHook
2014-10-31 14:58:39 Registering 'com.metarnet.sfpw.base.database.Database.kyland_wx_eth' house keeper
2014-10-31 14:58:39 Starting a house keeper thread
2014-10-31 14:58:39 Remembering default value: getTransactionIsolation() = 2
2014-10-31 14:58:39 oracle.jdbc.driver.OracleDriver does not support getHoldability. Proxool doesn't mind.
2014-10-31 14:58:39 oracle.jdbc.driver.OracleDriver does not support setHoldability. Proxool doesn't mind.
2014-10-31 14:58:39 Remembering default value: getCatalog() = null
2014-10-31 14:58:39 Remembering default value: isReadOnly() = false
2014-10-31 14:58:39 Remembering default value: getTypeMap() = {}
2014-10-31 14:58:39 Proxool statistics legend: "s - r  (a/t/o)" > s=served, r=refused (only shown if non-zero), a=active, t=total, o=offline (being tested)
2014-10-31 14:58:39 Proxool statistics legend: "s - r  (a/t/o)" > s=served, r=refused (only shown if non-zero), a=active, t=total, o=offline (being tested)
2014-10-31 14:58:39 000000 (01/02/00) - Connection #1 created on demand = ACTIVE
2014-10-31 14:58:39 000000 (01/02/00) - Connection #2 created to achieve minimum of 3 = AVAILABLE
2014-10-31 14:58:39 000001 (01/03/00) - Connection #3 created to achieve minimum of 3 = AVAILABLE
2014-10-31 14:58:39 Implementing interface oracle.jdbc.internal.OracleConnection
2014-10-31 14:58:39 Implementing interface java.sql.Connection
2014-10-31 14:58:39 Implementing interface java.sql.Wrapper
2014-10-31 14:58:39 Implementing interface oracle.jdbc.OracleConnection
2014-10-31 14:58:39 Implementing interface oracle.jdbc.driver.ClientDataSupport
2014-10-31 14:58:39 Getting injectableCallableStatementInterface
2014-10-31 14:58:39 Implementing interface oracle.jdbc.internal.OracleCallableStatement
2014-10-31 14:58:39 Implementing interface oracle.jdbc.OracleStatement
2014-10-31 14:58:39 Implementing interface java.sql.PreparedStatement
2014-10-31 14:58:39 Implementing interface oracle.jdbc.OraclePreparedStatement
2014-10-31 14:58:39 Implementing interface java.sql.Wrapper
2014-10-31 14:58:39 Implementing interface oracle.jdbc.OracleCallableStatement
2014-10-31 14:58:39 Implementing interface java.sql.CallableStatement
2014-10-31 14:58:39 Implementing interface oracle.jdbc.internal.OracleStatement
2014-10-31 14:58:39 Implementing interface oracle.jdbc.internal.OraclePreparedStatement
2014-10-31 14:58:39 Implementing interface java.sql.Statement
2014-10-31 14:58:39 Running ShutdownHook
2014-10-31 14:58:39 Shutting down 'com.metarnet.sfpw.base.database.Database.kyland_wx_eth' pool immediately [Shutdown Hook]
2014-10-31 14:58:39 000002 (00/02/00) - #0003 removed because of shutdown.
2014-10-31 14:58:39 Connection #3 closed
2014-10-31 14:58:39 000002 (00/01/00) - #0001 removed because of shutdown.
2014-10-31 14:58:39 Connection #1 closed
2014-10-31 14:58:39 000002 (00/00/00) - #0002 removed because of shutdown.
2014-10-31 14:58:39 Connection #2 closed
2014-10-31 14:58:39 'com.metarnet.sfpw.base.database.Database.kyland_wx_eth' pool has been closed down by Shutdown Hook in 2 milliseconds.
2014-10-31 14:58:39 Stopping Prototyper thread
2014-10-31 14:58:39 Stopping HouseKeeper thread
