2014-11-05 14:21:15 Proxool 0.9.0RC3 (10-Jan-2007 01:38)
2014-11-05 14:21:15 Recognised proxool property: proxool.driver=oracle.jdbc.driver.OracleDriver
2014-11-05 14:21:15 Recognised proxool property: proxool.url=jdbc:oracle:thin:@localhost:1521:orcl
2014-11-05 14:21:15 Delegating property to driver: user=sfpw616
2014-11-05 14:21:15 Delegating property to driver: password=********
2014-11-05 14:21:15 Recognised proxool property: proxool.maximum-connection-count=10
2014-11-05 14:21:15 Recognised proxool property: proxool.minimum-connection-count=3
2014-11-05 14:21:15 Recognised proxool property: proxool.house-keeping-test-sql=select sysdate from dual
2014-11-05 14:21:15 Registered shutdownHook
2014-11-05 14:21:15 Registering 'com.metarnet.sfpw.base.database.Database.kyland_wx_eth' house keeper
2014-11-05 14:21:15 Starting a house keeper thread
2014-11-05 14:21:15 Remembering default value: getTransactionIsolation() = 2
2014-11-05 14:21:15 oracle.jdbc.driver.OracleDriver does not support getHoldability. Proxool doesn't mind.
2014-11-05 14:21:15 oracle.jdbc.driver.OracleDriver does not support setHoldability. Proxool doesn't mind.
2014-11-05 14:21:15 Remembering default value: getCatalog() = null
2014-11-05 14:21:15 Remembering default value: isReadOnly() = false
2014-11-05 14:21:15 Remembering default value: getTypeMap() = {}
2014-11-05 14:21:15 Proxool statistics legend: "s - r  (a/t/o)" > s=served, r=refused (only shown if non-zero), a=active, t=total, o=offline (being tested)
2014-11-05 14:21:15 Proxool statistics legend: "s - r  (a/t/o)" > s=served, r=refused (only shown if non-zero), a=active, t=total, o=offline (being tested)
2014-11-05 14:21:15 000000 (01/02/00) - Connection #2 created to achieve minimum of 3 = AVAILABLE
2014-11-05 14:21:15 000000 (01/02/00) - Connection #1 created on demand = ACTIVE
2014-11-05 14:21:15 000001 (01/03/00) - Connection #3 created to achieve minimum of 3 = AVAILABLE
2014-11-05 14:21:15 Implementing interface oracle.jdbc.OracleConnection
2014-11-05 14:21:15 Implementing interface java.sql.Connection
2014-11-05 14:21:15 Implementing interface oracle.jdbc.internal.OracleConnection
2014-11-05 14:21:15 Implementing interface oracle.jdbc.driver.ClientDataSupport
2014-11-05 14:21:15 Implementing interface java.sql.Wrapper
2014-11-05 14:21:15 Implementing interface oracle.jdbc.internal.OracleStatement
2014-11-05 14:21:15 Implementing interface oracle.jdbc.OraclePreparedStatement
2014-11-05 14:21:15 Implementing interface oracle.jdbc.internal.OraclePreparedStatement
2014-11-05 14:21:15 Implementing interface java.sql.PreparedStatement
2014-11-05 14:21:15 Implementing interface java.sql.Wrapper
2014-11-05 14:21:15 Implementing interface oracle.jdbc.OracleStatement
2014-11-05 14:21:15 Implementing interface java.sql.Statement
2014-11-05 14:21:15 Implementing interface oracle.jdbc.internal.OracleStatement
2014-11-05 14:21:15 Implementing interface java.sql.Wrapper
2014-11-05 14:21:15 Implementing interface oracle.jdbc.OracleStatement
2014-11-05 14:21:15 Implementing interface java.sql.Statement
2014-11-05 14:21:15 Closing statement 1e2befa automatically
2014-11-05 14:21:15 000002 (00/03/00) - #2 registered a statement as closed which wasn't known to be open.
2014-11-05 14:21:15 Running ShutdownHook
2014-11-05 14:21:15 Shutting down 'com.metarnet.sfpw.base.database.Database.kyland_wx_eth' pool immediately [Shutdown Hook]
2014-11-05 14:21:15 000002 (00/02/00) - #0003 removed because of shutdown.
2014-11-05 14:21:15 Connection #3 closed
2014-11-05 14:21:15 000002 (00/01/00) - #0001 removed because of shutdown.
2014-11-05 14:21:15 Connection #1 closed
2014-11-05 14:21:15 000002 (00/00/00) - #0002 removed because of shutdown.
2014-11-05 14:21:15 Connection #2 closed
2014-11-05 14:21:15 'com.metarnet.sfpw.base.database.Database.kyland_wx_eth' pool has been closed down by Shutdown Hook in 2 milliseconds.
2014-11-05 14:21:15 Stopping Prototyper thread
2014-11-05 14:21:15 Stopping HouseKeeper thread
