2014-10-20 15:05:33 Proxool 0.9.0RC3 (10-Jan-2007 01:38)
2014-10-20 15:05:33 Recognised proxool property: proxool.driver=oracle.jdbc.driver.OracleDriver
2014-10-20 15:05:33 Recognised proxool property: proxool.url=jdbc:oracle:thin:@localhost:1521:orcl
2014-10-20 15:05:33 Delegating property to driver: user=sfpw616
2014-10-20 15:05:33 Delegating property to driver: password=********
2014-10-20 15:05:33 Recognised proxool property: proxool.maximum-connection-count=10
2014-10-20 15:05:33 Recognised proxool property: proxool.minimum-connection-count=3
2014-10-20 15:05:33 Recognised proxool property: proxool.house-keeping-test-sql=select sysdate from dual
2014-10-20 15:05:33 Registered shutdownHook
2014-10-20 15:05:33 Registering 'com.metarnet.sfpw.base.database.Database.kyland_wx_eth' house keeper
2014-10-20 15:05:33 Starting a house keeper thread
2014-10-20 15:05:33 Remembering default value: getTransactionIsolation() = 2
2014-10-20 15:05:33 oracle.jdbc.driver.OracleDriver does not support getHoldability. Proxool doesn't mind.
2014-10-20 15:05:33 oracle.jdbc.driver.OracleDriver does not support setHoldability. Proxool doesn't mind.
2014-10-20 15:05:33 Remembering default value: getCatalog() = null
2014-10-20 15:05:33 Remembering default value: isReadOnly() = false
2014-10-20 15:05:33 Remembering default value: getTypeMap() = {}
2014-10-20 15:05:33 Proxool statistics legend: "s - r  (a/t/o)" > s=served, r=refused (only shown if non-zero), a=active, t=total, o=offline (being tested)
2014-10-20 15:05:33 000000 (01/01/00) - Connection #1 created on demand = ACTIVE
2014-10-20 15:05:33 000001 (01/02/00) - Connection #2 created to achieve minimum of 3 = AVAILABLE
2014-10-20 15:05:33 Implementing interface oracle.jdbc.internal.OracleConnection
2014-10-20 15:05:33 Implementing interface oracle.jdbc.driver.ClientDataSupport
2014-10-20 15:05:33 Implementing interface oracle.jdbc.OracleConnection
2014-10-20 15:05:33 Implementing interface java.sql.Connection
2014-10-20 15:05:33 Implementing interface java.sql.Wrapper
2014-10-20 15:05:33 000001 (01/03/00) - Connection #3 created to achieve minimum of 3 = AVAILABLE
2014-10-20 15:05:33 Implementing interface oracle.jdbc.internal.OraclePreparedStatement
2014-10-20 15:05:33 Implementing interface oracle.jdbc.OracleStatement
2014-10-20 15:05:33 Implementing interface oracle.jdbc.OraclePreparedStatement
2014-10-20 15:05:33 Implementing interface java.sql.PreparedStatement
2014-10-20 15:05:33 Implementing interface java.sql.Wrapper
2014-10-20 15:05:33 Implementing interface java.sql.Statement
2014-10-20 15:05:33 Implementing interface oracle.jdbc.internal.OracleStatement
2014-10-20 15:05:34 Running ShutdownHook
2014-10-20 15:05:34 Shutting down 'com.metarnet.sfpw.base.database.Database.kyland_wx_eth' pool immediately [Shutdown Hook]
2014-10-20 15:05:34 000002 (00/02/00) - #0003 removed because of shutdown.
2014-10-20 15:05:34 Connection #3 closed
2014-10-20 15:05:34 000002 (00/01/00) - #0002 removed because of shutdown.
2014-10-20 15:05:34 Connection #2 closed
2014-10-20 15:05:34 000002 (00/00/00) - #0001 removed because of shutdown.
2014-10-20 15:05:34 Connection #1 closed
2014-10-20 15:05:34 'com.metarnet.sfpw.base.database.Database.kyland_wx_eth' pool has been closed down by Shutdown Hook in 3 milliseconds.
2014-10-20 15:05:34 Stopping Prototyper thread
2014-10-20 15:05:34 Stopping HouseKeeper thread
2014-10-20 15:08:55 Proxool 0.9.0RC3 (10-Jan-2007 01:38)
2014-10-20 15:08:55 Recognised proxool property: proxool.driver=oracle.jdbc.driver.OracleDriver
2014-10-20 15:08:55 Recognised proxool property: proxool.url=jdbc:oracle:thin:@localhost:1521:orcl
2014-10-20 15:08:55 Delegating property to driver: user=sfpw616
2014-10-20 15:08:55 Delegating property to driver: password=********
2014-10-20 15:08:55 Recognised proxool property: proxool.maximum-connection-count=10
2014-10-20 15:08:55 Recognised proxool property: proxool.minimum-connection-count=3
2014-10-20 15:08:55 Recognised proxool property: proxool.house-keeping-test-sql=select sysdate from dual
2014-10-20 15:08:55 Registered shutdownHook
2014-10-20 15:08:55 Registering 'com.metarnet.sfpw.base.database.Database.kyland_wx_eth' house keeper
2014-10-20 15:08:55 Starting a house keeper thread
2014-10-20 15:08:55 Remembering default value: getTransactionIsolation() = 2
2014-10-20 15:08:55 oracle.jdbc.driver.OracleDriver does not support getHoldability. Proxool doesn't mind.
2014-10-20 15:08:55 oracle.jdbc.driver.OracleDriver does not support setHoldability. Proxool doesn't mind.
2014-10-20 15:08:55 Remembering default value: getCatalog() = null
2014-10-20 15:08:55 Remembering default value: isReadOnly() = false
2014-10-20 15:08:55 Remembering default value: getTypeMap() = {}
2014-10-20 15:08:55 Proxool statistics legend: "s - r  (a/t/o)" > s=served, r=refused (only shown if non-zero), a=active, t=total, o=offline (being tested)
2014-10-20 15:08:55 000000 (01/01/00) - Connection #1 created on demand = ACTIVE
2014-10-20 15:08:55 000001 (01/02/00) - Connection #2 created to achieve minimum of 3 = AVAILABLE
2014-10-20 15:08:55 Implementing interface java.sql.Wrapper
2014-10-20 15:08:55 Implementing interface oracle.jdbc.internal.OracleConnection
2014-10-20 15:08:55 Implementing interface oracle.jdbc.driver.ClientDataSupport
2014-10-20 15:08:55 Implementing interface oracle.jdbc.OracleConnection
2014-10-20 15:08:55 Implementing interface java.sql.Connection
2014-10-20 15:08:55 000001 (01/03/00) - Connection #3 created to achieve minimum of 3 = AVAILABLE
2014-10-20 15:08:55 Implementing interface oracle.jdbc.internal.OraclePreparedStatement
2014-10-20 15:08:55 Implementing interface oracle.jdbc.OracleStatement
2014-10-20 15:08:55 Implementing interface oracle.jdbc.OraclePreparedStatement
2014-10-20 15:08:55 Implementing interface java.sql.Wrapper
2014-10-20 15:08:55 Implementing interface java.sql.PreparedStatement
2014-10-20 15:08:55 Implementing interface java.sql.Statement
2014-10-20 15:08:55 Implementing interface oracle.jdbc.internal.OracleStatement
2014-10-20 15:08:55 Running ShutdownHook
2014-10-20 15:08:55 Shutting down 'com.metarnet.sfpw.base.database.Database.kyland_wx_eth' pool immediately [Shutdown Hook]
2014-10-20 15:08:55 000002 (00/02/00) - #0003 removed because of shutdown.
2014-10-20 15:08:55 Connection #3 closed
2014-10-20 15:08:55 000002 (00/01/00) - #0002 removed because of shutdown.
2014-10-20 15:08:55 Connection #2 closed
2014-10-20 15:08:55 000002 (00/00/00) - #0001 removed because of shutdown.
2014-10-20 15:08:55 Connection #1 closed
2014-10-20 15:08:55 'com.metarnet.sfpw.base.database.Database.kyland_wx_eth' pool has been closed down by Shutdown Hook in 4 milliseconds.
2014-10-20 15:08:55 Stopping Prototyper thread
2014-10-20 15:08:55 Stopping HouseKeeper thread
2014-10-20 15:09:49 Proxool 0.9.0RC3 (10-Jan-2007 01:38)
2014-10-20 15:09:49 Recognised proxool property: proxool.driver=oracle.jdbc.driver.OracleDriver
2014-10-20 15:09:49 Recognised proxool property: proxool.url=jdbc:oracle:thin:@localhost:1521:orcl
2014-10-20 15:09:49 Delegating property to driver: user=sfpw616
2014-10-20 15:09:49 Delegating property to driver: password=********
2014-10-20 15:09:49 Recognised proxool property: proxool.maximum-connection-count=10
2014-10-20 15:09:49 Recognised proxool property: proxool.minimum-connection-count=3
2014-10-20 15:09:49 Recognised proxool property: proxool.house-keeping-test-sql=select sysdate from dual
2014-10-20 15:09:49 Registered shutdownHook
2014-10-20 15:09:49 Registering 'com.metarnet.sfpw.base.database.Database.kyland_wx_eth' house keeper
2014-10-20 15:09:49 Starting a house keeper thread
2014-10-20 15:09:49 Remembering default value: getTransactionIsolation() = 2
2014-10-20 15:09:49 oracle.jdbc.driver.OracleDriver does not support getHoldability. Proxool doesn't mind.
2014-10-20 15:09:49 oracle.jdbc.driver.OracleDriver does not support setHoldability. Proxool doesn't mind.
2014-10-20 15:09:49 Remembering default value: getCatalog() = null
2014-10-20 15:09:49 Remembering default value: isReadOnly() = false
2014-10-20 15:09:49 Remembering default value: getTypeMap() = {}
2014-10-20 15:09:49 Proxool statistics legend: "s - r  (a/t/o)" > s=served, r=refused (only shown if non-zero), a=active, t=total, o=offline (being tested)
2014-10-20 15:09:49 Proxool statistics legend: "s - r  (a/t/o)" > s=served, r=refused (only shown if non-zero), a=active, t=total, o=offline (being tested)
2014-10-20 15:09:49 000000 (01/02/00) - Connection #1 created on demand = ACTIVE
2014-10-20 15:09:49 000000 (01/02/00) - Connection #2 created to achieve minimum of 3 = AVAILABLE
2014-10-20 15:09:49 000001 (01/03/00) - Connection #3 created to achieve minimum of 3 = AVAILABLE
2014-10-20 15:09:50 Implementing interface oracle.jdbc.internal.OracleConnection
2014-10-20 15:09:50 Implementing interface oracle.jdbc.driver.ClientDataSupport
2014-10-20 15:09:50 Implementing interface oracle.jdbc.OracleConnection
2014-10-20 15:09:50 Implementing interface java.sql.Connection
2014-10-20 15:09:50 Implementing interface java.sql.Wrapper
2014-10-20 15:09:50 Implementing interface oracle.jdbc.OracleStatement
2014-10-20 15:09:50 Implementing interface oracle.jdbc.internal.OraclePreparedStatement
2014-10-20 15:09:50 Implementing interface oracle.jdbc.internal.OracleStatement
2014-10-20 15:09:50 Implementing interface oracle.jdbc.OraclePreparedStatement
2014-10-20 15:09:50 Implementing interface java.sql.Wrapper
2014-10-20 15:09:50 Implementing interface java.sql.Statement
2014-10-20 15:09:50 Implementing interface java.sql.PreparedStatement
2014-10-20 15:09:50 Implementing interface oracle.jdbc.OracleStatement
2014-10-20 15:09:50 Implementing interface oracle.jdbc.internal.OracleStatement
2014-10-20 15:09:50 Implementing interface java.sql.Wrapper
2014-10-20 15:09:50 Implementing interface java.sql.Statement
2014-10-20 15:09:50 Closing statement 162e295 automatically
2014-10-20 15:09:50 000002 (00/03/00) - #2 registered a statement as closed which wasn't known to be open.
2014-10-20 15:09:50 Running ShutdownHook
2014-10-20 15:09:50 Shutting down 'com.metarnet.sfpw.base.database.Database.kyland_wx_eth' pool immediately [Shutdown Hook]
2014-10-20 15:09:50 000002 (00/02/00) - #0003 removed because of shutdown.
2014-10-20 15:09:50 Connection #3 closed
2014-10-20 15:09:50 000002 (00/01/00) - #0001 removed because of shutdown.
2014-10-20 15:09:50 Connection #1 closed
2014-10-20 15:09:50 000002 (00/00/00) - #0002 removed because of shutdown.
2014-10-20 15:09:50 Connection #2 closed
2014-10-20 15:09:50 'com.metarnet.sfpw.base.database.Database.kyland_wx_eth' pool has been closed down by Shutdown Hook in 3 milliseconds.
2014-10-20 15:09:50 Stopping Prototyper thread
2014-10-20 15:09:50 Stopping HouseKeeper thread
2014-10-20 15:14:52 Proxool 0.9.0RC3 (10-Jan-2007 01:38)
2014-10-20 15:14:52 Recognised proxool property: proxool.driver=oracle.jdbc.driver.OracleDriver
2014-10-20 15:14:52 Recognised proxool property: proxool.url=jdbc:oracle:thin:@localhost:1521:orcl
2014-10-20 15:14:52 Delegating property to driver: user=sfpw616
2014-10-20 15:14:52 Delegating property to driver: password=********
2014-10-20 15:14:52 Recognised proxool property: proxool.maximum-connection-count=10
2014-10-20 15:14:52 Recognised proxool property: proxool.minimum-connection-count=3
2014-10-20 15:14:52 Recognised proxool property: proxool.house-keeping-test-sql=select sysdate from dual
2014-10-20 15:14:52 Registered shutdownHook
2014-10-20 15:14:52 Registering 'com.metarnet.sfpw.base.database.Database.kyland_wx_eth' house keeper
2014-10-20 15:14:52 Starting a house keeper thread
2014-10-20 15:14:52 Remembering default value: getTransactionIsolation() = 2
2014-10-20 15:14:52 oracle.jdbc.driver.OracleDriver does not support getHoldability. Proxool doesn't mind.
2014-10-20 15:14:52 oracle.jdbc.driver.OracleDriver does not support setHoldability. Proxool doesn't mind.
2014-10-20 15:14:52 Remembering default value: getCatalog() = null
2014-10-20 15:14:52 Remembering default value: isReadOnly() = false
2014-10-20 15:14:52 Remembering default value: getTypeMap() = {}
2014-10-20 15:14:52 Proxool statistics legend: "s - r  (a/t/o)" > s=served, r=refused (only shown if non-zero), a=active, t=total, o=offline (being tested)
2014-10-20 15:14:52 Proxool statistics legend: "s - r  (a/t/o)" > s=served, r=refused (only shown if non-zero), a=active, t=total, o=offline (being tested)
2014-10-20 15:14:52 000000 (01/02/00) - Connection #2 created to achieve minimum of 3 = AVAILABLE
2014-10-20 15:14:52 000000 (01/02/00) - Connection #1 created on demand = ACTIVE
2014-10-20 15:14:52 000001 (01/03/00) - Connection #3 created to achieve minimum of 3 = AVAILABLE
2014-10-20 15:14:52 Implementing interface java.sql.Connection
2014-10-20 15:14:52 Implementing interface oracle.jdbc.driver.ClientDataSupport
2014-10-20 15:14:52 Implementing interface oracle.jdbc.internal.OracleConnection
2014-10-20 15:14:52 Implementing interface oracle.jdbc.OracleConnection
2014-10-20 15:14:52 Implementing interface java.sql.Wrapper
2014-10-20 15:14:53 Implementing interface oracle.jdbc.internal.OracleStatement
2014-10-20 15:14:53 Implementing interface java.sql.Statement
2014-10-20 15:14:53 Implementing interface oracle.jdbc.internal.OraclePreparedStatement
2014-10-20 15:14:53 Implementing interface oracle.jdbc.OraclePreparedStatement
2014-10-20 15:14:53 Implementing interface java.sql.Wrapper
2014-10-20 15:14:53 Implementing interface java.sql.PreparedStatement
2014-10-20 15:14:53 Implementing interface oracle.jdbc.OracleStatement
2014-10-20 15:14:53 Implementing interface oracle.jdbc.internal.OracleStatement
2014-10-20 15:14:53 Implementing interface java.sql.Statement
2014-10-20 15:14:53 Implementing interface java.sql.Wrapper
2014-10-20 15:14:53 Implementing interface oracle.jdbc.OracleStatement
2014-10-20 15:14:53 Closing statement 859a68 automatically
2014-10-20 15:14:53 000002 (00/03/00) - #1 registered a statement as closed which wasn't known to be open.
2014-10-20 15:14:53 Running ShutdownHook
2014-10-20 15:14:53 Shutting down 'com.metarnet.sfpw.base.database.Database.kyland_wx_eth' pool immediately [Shutdown Hook]
2014-10-20 15:14:53 000002 (00/02/00) - #0003 removed because of shutdown.
2014-10-20 15:14:53 Connection #3 closed
2014-10-20 15:14:53 000002 (00/01/00) - #0002 removed because of shutdown.
2014-10-20 15:14:53 Connection #2 closed
2014-10-20 15:14:53 000002 (00/00/00) - #0001 removed because of shutdown.
2014-10-20 15:14:53 Connection #1 closed
2014-10-20 15:14:53 'com.metarnet.sfpw.base.database.Database.kyland_wx_eth' pool has been closed down by Shutdown Hook in 2 milliseconds.
2014-10-20 15:14:53 Stopping Prototyper thread
2014-10-20 15:14:53 Stopping HouseKeeper thread
