2014-10-28 12:53:44 Proxool 0.9.0RC3 (10-Jan-2007 01:38)
2014-10-28 12:53:44 Recognised proxool property: proxool.driver=oracle.jdbc.driver.OracleDriver
2014-10-28 12:53:44 Recognised proxool property: proxool.url=jdbc:oracle:thin:@localhost:1521:orcl
2014-10-28 12:53:44 Delegating property to driver: user=sfpw616
2014-10-28 12:53:44 Delegating property to driver: password=********
2014-10-28 12:53:44 Recognised proxool property: proxool.maximum-connection-count=10
2014-10-28 12:53:44 Recognised proxool property: proxool.minimum-connection-count=3
2014-10-28 12:53:44 Recognised proxool property: proxool.house-keeping-test-sql=select sysdate from dual
2014-10-28 12:53:44 Registered shutdownHook
2014-10-28 12:53:44 Registering 'com.metarnet.sfpw.base.database.Database.kyland_wx_eth' house keeper
2014-10-28 12:53:44 Starting a house keeper thread
2014-10-28 12:53:45 Remembering default value: getTransactionIsolation() = 2
2014-10-28 12:53:45 oracle.jdbc.driver.OracleDriver does not support getHoldability. Proxool doesn't mind.
2014-10-28 12:53:45 oracle.jdbc.driver.OracleDriver does not support setHoldability. Proxool doesn't mind.
2014-10-28 12:53:45 Remembering default value: getCatalog() = null
2014-10-28 12:53:45 Remembering default value: isReadOnly() = false
2014-10-28 12:53:45 Remembering default value: getTypeMap() = {}
2014-10-28 12:53:45 Proxool statistics legend: "s - r  (a/t/o)" > s=served, r=refused (only shown if non-zero), a=active, t=total, o=offline (being tested)
2014-10-28 12:53:45 Proxool statistics legend: "s - r  (a/t/o)" > s=served, r=refused (only shown if non-zero), a=active, t=total, o=offline (being tested)
2014-10-28 12:53:45 000000 (01/02/00) - Connection #2 created to achieve minimum of 3 = AVAILABLE
2014-10-28 12:53:45 000000 (01/02/00) - Connection #1 created on demand = ACTIVE
2014-10-28 12:53:45 Implementing interface java.sql.Wrapper
2014-10-28 12:53:45 Implementing interface oracle.jdbc.internal.OracleConnection
2014-10-28 12:53:45 Implementing interface oracle.jdbc.OracleConnection
2014-10-28 12:53:45 Implementing interface java.sql.Connection
2014-10-28 12:53:45 Implementing interface oracle.jdbc.driver.ClientDataSupport
2014-10-28 12:53:45 000001 (01/03/00) - Connection #3 created to achieve minimum of 3 = AVAILABLE
2014-10-28 12:53:45 Getting injectableCallableStatementInterface
2014-10-28 12:53:45 Implementing interface java.sql.Wrapper
2014-10-28 12:53:45 Implementing interface oracle.jdbc.internal.OraclePreparedStatement
2014-10-28 12:53:45 Implementing interface oracle.jdbc.OraclePreparedStatement
2014-10-28 12:53:45 Implementing interface java.sql.CallableStatement
2014-10-28 12:53:45 Implementing interface java.sql.PreparedStatement
2014-10-28 12:53:45 Implementing interface java.sql.Statement
2014-10-28 12:53:45 Implementing interface oracle.jdbc.internal.OracleStatement
2014-10-28 12:53:45 Implementing interface oracle.jdbc.OracleStatement
2014-10-28 12:53:45 Implementing interface oracle.jdbc.internal.OracleCallableStatement
2014-10-28 12:53:45 Implementing interface oracle.jdbc.OracleCallableStatement
2014-10-28 12:55:05 Running ShutdownHook
2014-10-28 12:55:05 Shutting down 'com.metarnet.sfpw.base.database.Database.kyland_wx_eth' pool immediately [Shutdown Hook]
2014-10-28 12:55:05 000033 (00/02/00) - #0003 removed because of shutdown.
2014-10-28 12:55:05 Connection #3 closed
2014-10-28 12:55:05 000033 (00/01/00) - #0001 removed because of shutdown.
2014-10-28 12:55:05 Connection #1 closed
2014-10-28 12:55:05 000033 (00/00/00) - #0002 removed because of shutdown.
2014-10-28 12:55:05 Connection #2 closed
2014-10-28 12:55:05 'com.metarnet.sfpw.base.database.Database.kyland_wx_eth' pool has been closed down by Shutdown Hook in 2 milliseconds.
2014-10-28 12:55:05 Stopping Prototyper thread
2014-10-28 12:55:05 Stopping HouseKeeper thread
2014-10-28 12:56:50 Proxool 0.9.0RC3 (10-Jan-2007 01:38)
2014-10-28 12:56:50 Recognised proxool property: proxool.driver=oracle.jdbc.driver.OracleDriver
2014-10-28 12:56:50 Recognised proxool property: proxool.url=jdbc:oracle:thin:@localhost:1521:orcl
2014-10-28 12:56:50 Delegating property to driver: user=sfpw616
2014-10-28 12:56:50 Delegating property to driver: password=********
2014-10-28 12:56:50 Recognised proxool property: proxool.maximum-connection-count=10
2014-10-28 12:56:50 Recognised proxool property: proxool.minimum-connection-count=3
2014-10-28 12:56:50 Recognised proxool property: proxool.house-keeping-test-sql=select sysdate from dual
2014-10-28 12:56:50 Registered shutdownHook
2014-10-28 12:56:50 Registering 'com.metarnet.sfpw.base.database.Database.kyland_wx_eth' house keeper
2014-10-28 12:56:50 Starting a house keeper thread
2014-10-28 12:56:50 Remembering default value: getTransactionIsolation() = 2
2014-10-28 12:56:50 oracle.jdbc.driver.OracleDriver does not support getHoldability. Proxool doesn't mind.
2014-10-28 12:56:50 oracle.jdbc.driver.OracleDriver does not support setHoldability. Proxool doesn't mind.
2014-10-28 12:56:50 Remembering default value: getCatalog() = null
2014-10-28 12:56:50 Remembering default value: isReadOnly() = false
2014-10-28 12:56:50 Remembering default value: getTypeMap() = {}
2014-10-28 12:56:50 Proxool statistics legend: "s - r  (a/t/o)" > s=served, r=refused (only shown if non-zero), a=active, t=total, o=offline (being tested)
2014-10-28 12:56:50 000000 (01/02/00) - Connection #1 created on demand = ACTIVE
2014-10-28 12:56:50 000000 (01/02/00) - Connection #2 created to achieve minimum of 3 = AVAILABLE
2014-10-28 12:56:50 000001 (01/03/00) - Connection #3 created to achieve minimum of 3 = AVAILABLE
2014-10-28 12:56:50 Implementing interface java.sql.Connection
2014-10-28 12:56:50 Implementing interface oracle.jdbc.driver.ClientDataSupport
2014-10-28 12:56:50 Implementing interface oracle.jdbc.internal.OracleConnection
2014-10-28 12:56:50 Implementing interface oracle.jdbc.OracleConnection
2014-10-28 12:56:50 Implementing interface java.sql.Wrapper
2014-10-28 12:56:50 Getting injectableCallableStatementInterface
2014-10-28 12:56:50 Implementing interface java.sql.CallableStatement
2014-10-28 12:56:50 Implementing interface oracle.jdbc.internal.OraclePreparedStatement
2014-10-28 12:56:50 Implementing interface oracle.jdbc.OracleStatement
2014-10-28 12:56:50 Implementing interface oracle.jdbc.internal.OracleStatement
2014-10-28 12:56:50 Implementing interface java.sql.PreparedStatement
2014-10-28 12:56:50 Implementing interface oracle.jdbc.OraclePreparedStatement
2014-10-28 12:56:50 Implementing interface java.sql.Statement
2014-10-28 12:56:50 Implementing interface java.sql.Wrapper
2014-10-28 12:56:50 Implementing interface oracle.jdbc.OracleCallableStatement
2014-10-28 12:56:50 Implementing interface oracle.jdbc.internal.OracleCallableStatement
2014-10-28 12:58:10 Running ShutdownHook
2014-10-28 12:58:10 Shutting down 'com.metarnet.sfpw.base.database.Database.kyland_wx_eth' pool immediately [Shutdown Hook]
2014-10-28 12:58:10 000033 (00/02/00) - #0003 removed because of shutdown.
2014-10-28 12:58:10 Connection #3 closed
2014-10-28 12:58:10 000033 (00/01/00) - #0002 removed because of shutdown.
2014-10-28 12:58:10 Connection #2 closed
2014-10-28 12:58:10 000033 (00/00/00) - #0001 removed because of shutdown.
2014-10-28 12:58:10 Connection #1 closed
2014-10-28 12:58:10 'com.metarnet.sfpw.base.database.Database.kyland_wx_eth' pool has been closed down by Shutdown Hook in 2 milliseconds.
2014-10-28 12:58:10 Stopping Prototyper thread
2014-10-28 12:58:10 Stopping HouseKeeper thread
2014-10-28 15:43:47 Proxool 0.9.0RC3 (10-Jan-2007 01:38)
2014-10-28 15:43:47 Recognised proxool property: proxool.driver=oracle.jdbc.driver.OracleDriver
2014-10-28 15:43:47 Recognised proxool property: proxool.url=jdbc:oracle:thin:@localhost:1521:orcl
2014-10-28 15:43:47 Delegating property to driver: user=sfpw616
2014-10-28 15:43:47 Delegating property to driver: password=********
2014-10-28 15:43:47 Recognised proxool property: proxool.maximum-connection-count=10
2014-10-28 15:43:47 Recognised proxool property: proxool.minimum-connection-count=3
2014-10-28 15:43:47 Recognised proxool property: proxool.house-keeping-test-sql=select sysdate from dual
2014-10-28 15:43:47 Registered shutdownHook
2014-10-28 15:43:47 Registering 'com.metarnet.sfpw.base.database.Database.kyland_wx_eth' house keeper
2014-10-28 15:43:47 Starting a house keeper thread
2014-10-28 15:43:47 Remembering default value: getTransactionIsolation() = 2
2014-10-28 15:43:47 oracle.jdbc.driver.OracleDriver does not support getHoldability. Proxool doesn't mind.
2014-10-28 15:43:47 oracle.jdbc.driver.OracleDriver does not support setHoldability. Proxool doesn't mind.
2014-10-28 15:43:47 Remembering default value: getCatalog() = null
2014-10-28 15:43:47 Remembering default value: isReadOnly() = false
2014-10-28 15:43:47 Remembering default value: getTypeMap() = {}
2014-10-28 15:43:47 Proxool statistics legend: "s - r  (a/t/o)" > s=served, r=refused (only shown if non-zero), a=active, t=total, o=offline (being tested)
2014-10-28 15:43:47 Proxool statistics legend: "s - r  (a/t/o)" > s=served, r=refused (only shown if non-zero), a=active, t=total, o=offline (being tested)
2014-10-28 15:43:47 000000 (01/02/00) - Connection #1 created on demand = ACTIVE
2014-10-28 15:43:47 000000 (01/02/00) - Connection #2 created to achieve minimum of 3 = AVAILABLE
2014-10-28 15:43:47 000001 (01/03/00) - Connection #3 created to achieve minimum of 3 = AVAILABLE
2014-10-28 15:43:47 Implementing interface java.sql.Wrapper
2014-10-28 15:43:47 Implementing interface oracle.jdbc.internal.OracleConnection
2014-10-28 15:43:47 Implementing interface oracle.jdbc.OracleConnection
2014-10-28 15:43:47 Implementing interface java.sql.Connection
2014-10-28 15:43:47 Implementing interface oracle.jdbc.driver.ClientDataSupport
2014-10-28 15:43:47 Getting injectableCallableStatementInterface
2014-10-28 15:43:47 Implementing interface java.sql.PreparedStatement
2014-10-28 15:43:47 Implementing interface java.sql.Wrapper
2014-10-28 15:43:47 Implementing interface oracle.jdbc.internal.OraclePreparedStatement
2014-10-28 15:43:47 Implementing interface oracle.jdbc.internal.OracleStatement
2014-10-28 15:43:47 Implementing interface oracle.jdbc.internal.OracleCallableStatement
2014-10-28 15:43:47 Implementing interface java.sql.Statement
2014-10-28 15:43:47 Implementing interface oracle.jdbc.OraclePreparedStatement
2014-10-28 15:43:47 Implementing interface oracle.jdbc.OracleStatement
2014-10-28 15:43:47 Implementing interface java.sql.CallableStatement
2014-10-28 15:43:47 Implementing interface oracle.jdbc.OracleCallableStatement
2014-10-28 15:45:38 Running ShutdownHook
2014-10-28 15:45:38 Shutting down 'com.metarnet.sfpw.base.database.Database.kyland_wx_eth' pool immediately [Shutdown Hook]
2014-10-28 15:45:38 000040 (00/02/00) - #0003 removed because of shutdown.
2014-10-28 15:45:38 Connection #3 closed
2014-10-28 15:45:38 000040 (00/01/00) - #0001 removed because of shutdown.
2014-10-28 15:45:38 Connection #1 closed
2014-10-28 15:45:38 000040 (00/00/00) - #0002 removed because of shutdown.
2014-10-28 15:45:38 Connection #2 closed
2014-10-28 15:45:38 'com.metarnet.sfpw.base.database.Database.kyland_wx_eth' pool has been closed down by Shutdown Hook in 3 milliseconds.
2014-10-28 15:45:38 Stopping Prototyper thread
2014-10-28 15:45:38 Stopping HouseKeeper thread
2014-10-28 15:49:37 Proxool 0.9.0RC3 (10-Jan-2007 01:38)
2014-10-28 15:49:37 Recognised proxool property: proxool.driver=oracle.jdbc.driver.OracleDriver
2014-10-28 15:49:37 Recognised proxool property: proxool.url=jdbc:oracle:thin:@localhost:1521:orcl
2014-10-28 15:49:37 Delegating property to driver: user=sfpw616
2014-10-28 15:49:37 Delegating property to driver: password=********
2014-10-28 15:49:37 Recognised proxool property: proxool.maximum-connection-count=10
2014-10-28 15:49:37 Recognised proxool property: proxool.minimum-connection-count=3
2014-10-28 15:49:37 Recognised proxool property: proxool.house-keeping-test-sql=select sysdate from dual
2014-10-28 15:49:37 Registered shutdownHook
2014-10-28 15:49:37 Registering 'com.metarnet.sfpw.base.database.Database.kyland_wx_eth' house keeper
2014-10-28 15:49:37 Starting a house keeper thread
2014-10-28 15:49:37 Remembering default value: getTransactionIsolation() = 2
2014-10-28 15:49:37 oracle.jdbc.driver.OracleDriver does not support getHoldability. Proxool doesn't mind.
2014-10-28 15:49:37 oracle.jdbc.driver.OracleDriver does not support setHoldability. Proxool doesn't mind.
2014-10-28 15:49:37 Remembering default value: getCatalog() = null
2014-10-28 15:49:37 Remembering default value: isReadOnly() = false
2014-10-28 15:49:37 Remembering default value: getTypeMap() = {}
2014-10-28 15:49:37 Proxool statistics legend: "s - r  (a/t/o)" > s=served, r=refused (only shown if non-zero), a=active, t=total, o=offline (being tested)
2014-10-28 15:49:37 Proxool statistics legend: "s - r  (a/t/o)" > s=served, r=refused (only shown if non-zero), a=active, t=total, o=offline (being tested)
2014-10-28 15:49:37 000000 (01/02/00) - Connection #1 created on demand = ACTIVE
2014-10-28 15:49:37 000000 (01/02/00) - Connection #2 created to achieve minimum of 3 = AVAILABLE
2014-10-28 15:49:37 000001 (01/03/00) - Connection #3 created to achieve minimum of 3 = AVAILABLE
2014-10-28 15:49:37 Implementing interface java.sql.Wrapper
2014-10-28 15:49:37 Implementing interface oracle.jdbc.internal.OracleConnection
2014-10-28 15:49:37 Implementing interface oracle.jdbc.driver.ClientDataSupport
2014-10-28 15:49:37 Implementing interface oracle.jdbc.OracleConnection
2014-10-28 15:49:37 Implementing interface java.sql.Connection
2014-10-28 15:49:37 Getting injectableCallableStatementInterface
2014-10-28 15:49:37 Implementing interface oracle.jdbc.internal.OracleCallableStatement
2014-10-28 15:49:37 Implementing interface oracle.jdbc.OracleStatement
2014-10-28 15:49:37 Implementing interface java.sql.Wrapper
2014-10-28 15:49:37 Implementing interface java.sql.PreparedStatement
2014-10-28 15:49:37 Implementing interface oracle.jdbc.OracleCallableStatement
2014-10-28 15:49:37 Implementing interface oracle.jdbc.internal.OraclePreparedStatement
2014-10-28 15:49:37 Implementing interface oracle.jdbc.internal.OracleStatement
2014-10-28 15:49:37 Implementing interface oracle.jdbc.OraclePreparedStatement
2014-10-28 15:49:37 Implementing interface java.sql.CallableStatement
2014-10-28 15:49:37 Implementing interface java.sql.Statement
2014-10-28 15:50:37 Proxool 0.9.0RC3 (10-Jan-2007 01:38)
2014-10-28 15:50:37 Recognised proxool property: proxool.driver=oracle.jdbc.driver.OracleDriver
2014-10-28 15:50:37 Recognised proxool property: proxool.url=jdbc:oracle:thin:@localhost:1521:orcl
2014-10-28 15:50:37 Delegating property to driver: user=sfpw616
2014-10-28 15:50:37 Delegating property to driver: password=********
2014-10-28 15:50:37 Recognised proxool property: proxool.maximum-connection-count=10
2014-10-28 15:50:37 Recognised proxool property: proxool.minimum-connection-count=3
2014-10-28 15:50:37 Recognised proxool property: proxool.house-keeping-test-sql=select sysdate from dual
2014-10-28 15:50:37 Registered shutdownHook
2014-10-28 15:50:37 Registering 'com.metarnet.sfpw.base.database.Database.kyland_wx_eth' house keeper
2014-10-28 15:50:37 Starting a house keeper thread
2014-10-28 15:50:37 Remembering default value: getTransactionIsolation() = 2
2014-10-28 15:50:37 oracle.jdbc.driver.OracleDriver does not support getHoldability. Proxool doesn't mind.
2014-10-28 15:50:37 oracle.jdbc.driver.OracleDriver does not support setHoldability. Proxool doesn't mind.
2014-10-28 15:50:37 Remembering default value: getCatalog() = null
2014-10-28 15:50:37 Remembering default value: isReadOnly() = false
2014-10-28 15:50:37 Remembering default value: getTypeMap() = {}
2014-10-28 15:50:37 Proxool statistics legend: "s - r  (a/t/o)" > s=served, r=refused (only shown if non-zero), a=active, t=total, o=offline (being tested)
2014-10-28 15:50:37 Proxool statistics legend: "s - r  (a/t/o)" > s=served, r=refused (only shown if non-zero), a=active, t=total, o=offline (being tested)
2014-10-28 15:50:37 000000 (01/02/00) - Connection #2 created to achieve minimum of 3 = AVAILABLE
2014-10-28 15:50:37 000000 (01/02/00) - Connection #1 created on demand = ACTIVE
2014-10-28 15:50:38 000001 (01/03/00) - Connection #3 created to achieve minimum of 3 = AVAILABLE
2014-10-28 15:50:38 Implementing interface oracle.jdbc.internal.OracleConnection
2014-10-28 15:50:38 Implementing interface java.sql.Wrapper
2014-10-28 15:50:38 Implementing interface java.sql.Connection
2014-10-28 15:50:38 Implementing interface oracle.jdbc.driver.ClientDataSupport
2014-10-28 15:50:38 Implementing interface oracle.jdbc.OracleConnection
2014-10-28 15:50:38 Getting injectableCallableStatementInterface
2014-10-28 15:50:38 Implementing interface java.sql.Wrapper
2014-10-28 15:50:38 Implementing interface oracle.jdbc.internal.OraclePreparedStatement
2014-10-28 15:50:38 Implementing interface oracle.jdbc.OraclePreparedStatement
2014-10-28 15:50:38 Implementing interface java.sql.CallableStatement
2014-10-28 15:50:38 Implementing interface java.sql.PreparedStatement
2014-10-28 15:50:38 Implementing interface java.sql.Statement
2014-10-28 15:50:38 Implementing interface oracle.jdbc.internal.OracleStatement
2014-10-28 15:50:38 Implementing interface oracle.jdbc.OracleStatement
2014-10-28 15:50:38 Implementing interface oracle.jdbc.internal.OracleCallableStatement
2014-10-28 15:50:38 Implementing interface oracle.jdbc.OracleCallableStatement
2014-10-28 15:52:28 Running ShutdownHook
2014-10-28 15:52:28 Shutting down 'com.metarnet.sfpw.base.database.Database.kyland_wx_eth' pool immediately [Shutdown Hook]
2014-10-28 15:52:28 000046 (00/02/00) - #0003 removed because of shutdown.
2014-10-28 15:52:28 Connection #3 closed
2014-10-28 15:52:28 000046 (00/01/00) - #0001 removed because of shutdown.
2014-10-28 15:52:28 Connection #1 closed
2014-10-28 15:52:28 000046 (00/00/00) - #0002 removed because of shutdown.
2014-10-28 15:52:28 Connection #2 closed
2014-10-28 15:52:28 'com.metarnet.sfpw.base.database.Database.kyland_wx_eth' pool has been closed down by Shutdown Hook in 2 milliseconds.
2014-10-28 15:52:28 Stopping Prototyper thread
2014-10-28 15:52:28 Stopping HouseKeeper thread
2014-10-28 15:54:26 Proxool 0.9.0RC3 (10-Jan-2007 01:38)
2014-10-28 15:54:26 Recognised proxool property: proxool.driver=oracle.jdbc.driver.OracleDriver
2014-10-28 15:54:26 Recognised proxool property: proxool.url=jdbc:oracle:thin:@localhost:1521:orcl
2014-10-28 15:54:26 Delegating property to driver: user=sfpw616
2014-10-28 15:54:26 Delegating property to driver: password=********
2014-10-28 15:54:26 Recognised proxool property: proxool.maximum-connection-count=10
2014-10-28 15:54:26 Recognised proxool property: proxool.minimum-connection-count=3
2014-10-28 15:54:26 Recognised proxool property: proxool.house-keeping-test-sql=select sysdate from dual
2014-10-28 15:54:26 Registered shutdownHook
2014-10-28 15:54:26 Registering 'com.metarnet.sfpw.base.database.Database.kyland_wx_eth' house keeper
2014-10-28 15:54:26 Starting a house keeper thread
2014-10-28 15:54:27 Remembering default value: getTransactionIsolation() = 2
2014-10-28 15:54:27 oracle.jdbc.driver.OracleDriver does not support getHoldability. Proxool doesn't mind.
2014-10-28 15:54:27 oracle.jdbc.driver.OracleDriver does not support setHoldability. Proxool doesn't mind.
2014-10-28 15:54:27 Remembering default value: getCatalog() = null
2014-10-28 15:54:27 Remembering default value: isReadOnly() = false
2014-10-28 15:54:27 Remembering default value: getTypeMap() = {}
2014-10-28 15:54:27 Proxool statistics legend: "s - r  (a/t/o)" > s=served, r=refused (only shown if non-zero), a=active, t=total, o=offline (being tested)
2014-10-28 15:54:27 Proxool statistics legend: "s - r  (a/t/o)" > s=served, r=refused (only shown if non-zero), a=active, t=total, o=offline (being tested)
2014-10-28 15:54:27 000000 (01/02/00) - Connection #1 created on demand = ACTIVE
2014-10-28 15:54:27 000000 (01/02/00) - Connection #2 created to achieve minimum of 3 = AVAILABLE
2014-10-28 15:54:27 000001 (01/03/00) - Connection #3 created to achieve minimum of 3 = AVAILABLE
2014-10-28 15:54:27 Implementing interface oracle.jdbc.internal.OracleConnection
2014-10-28 15:54:27 Implementing interface java.sql.Connection
2014-10-28 15:54:27 Implementing interface java.sql.Wrapper
2014-10-28 15:54:27 Implementing interface oracle.jdbc.OracleConnection
2014-10-28 15:54:27 Implementing interface oracle.jdbc.driver.ClientDataSupport
2014-10-28 15:54:27 Getting injectableCallableStatementInterface
2014-10-28 15:54:27 Implementing interface oracle.jdbc.OracleStatement
2014-10-28 15:54:27 Implementing interface oracle.jdbc.OracleCallableStatement
2014-10-28 15:54:27 Implementing interface java.sql.CallableStatement
2014-10-28 15:54:27 Implementing interface java.sql.Statement
2014-10-28 15:54:27 Implementing interface java.sql.Wrapper
2014-10-28 15:54:27 Implementing interface java.sql.PreparedStatement
2014-10-28 15:54:27 Implementing interface oracle.jdbc.internal.OraclePreparedStatement
2014-10-28 15:54:27 Implementing interface oracle.jdbc.OraclePreparedStatement
2014-10-28 15:54:27 Implementing interface oracle.jdbc.internal.OracleStatement
2014-10-28 15:54:27 Implementing interface oracle.jdbc.internal.OracleCallableStatement
2014-10-28 15:56:17 Running ShutdownHook
2014-10-28 15:56:17 Shutting down 'com.metarnet.sfpw.base.database.Database.kyland_wx_eth' pool immediately [Shutdown Hook]
2014-10-28 15:56:17 000046 (00/02/00) - #0003 removed because of shutdown.
2014-10-28 15:56:17 Connection #3 closed
2014-10-28 15:56:17 000046 (00/01/00) - #0002 removed because of shutdown.
2014-10-28 15:56:17 Connection #2 closed
2014-10-28 15:56:17 000046 (00/00/00) - #0001 removed because of shutdown.
2014-10-28 15:56:17 Connection #1 closed
2014-10-28 15:56:17 'com.metarnet.sfpw.base.database.Database.kyland_wx_eth' pool has been closed down by Shutdown Hook in 5 milliseconds.
2014-10-28 15:56:17 Stopping Prototyper thread
2014-10-28 15:56:17 Stopping HouseKeeper thread
2014-10-28 16:36:12 Proxool 0.9.0RC3 (10-Jan-2007 01:38)
2014-10-28 16:36:12 Recognised proxool property: proxool.driver=oracle.jdbc.driver.OracleDriver
2014-10-28 16:36:12 Recognised proxool property: proxool.url=jdbc:oracle:thin:@localhost:1521:orcl
2014-10-28 16:36:12 Delegating property to driver: user=sfpw616
2014-10-28 16:36:12 Delegating property to driver: password=********
2014-10-28 16:36:12 Recognised proxool property: proxool.maximum-connection-count=10
2014-10-28 16:36:12 Recognised proxool property: proxool.minimum-connection-count=3
2014-10-28 16:36:12 Recognised proxool property: proxool.house-keeping-test-sql=select sysdate from dual
2014-10-28 16:36:12 Registered shutdownHook
2014-10-28 16:36:12 Registering 'com.metarnet.sfpw.base.database.Database.kyland_wx_eth' house keeper
2014-10-28 16:36:12 Starting a house keeper thread
2014-10-28 16:36:12 Remembering default value: getTransactionIsolation() = 2
2014-10-28 16:36:12 oracle.jdbc.driver.OracleDriver does not support getHoldability. Proxool doesn't mind.
2014-10-28 16:36:12 oracle.jdbc.driver.OracleDriver does not support setHoldability. Proxool doesn't mind.
2014-10-28 16:36:12 Remembering default value: getCatalog() = null
2014-10-28 16:36:12 Remembering default value: isReadOnly() = false
2014-10-28 16:36:12 Remembering default value: getTypeMap() = {}
2014-10-28 16:36:12 Proxool statistics legend: "s - r  (a/t/o)" > s=served, r=refused (only shown if non-zero), a=active, t=total, o=offline (being tested)
2014-10-28 16:36:12 Proxool statistics legend: "s - r  (a/t/o)" > s=served, r=refused (only shown if non-zero), a=active, t=total, o=offline (being tested)
2014-10-28 16:36:12 000000 (01/02/00) - Connection #1 created on demand = ACTIVE
2014-10-28 16:36:12 000000 (01/02/00) - Connection #2 created to achieve minimum of 3 = AVAILABLE
2014-10-28 16:36:12 000001 (01/03/00) - Connection #3 created to achieve minimum of 3 = AVAILABLE
2014-10-28 16:36:12 Implementing interface java.sql.Connection
2014-10-28 16:36:12 Implementing interface oracle.jdbc.driver.ClientDataSupport
2014-10-28 16:36:12 Implementing interface java.sql.Wrapper
2014-10-28 16:36:12 Implementing interface oracle.jdbc.internal.OracleConnection
2014-10-28 16:36:12 Implementing interface oracle.jdbc.OracleConnection
2014-10-28 16:36:13 Getting injectableCallableStatementInterface
2014-10-28 16:36:13 Implementing interface java.sql.Statement
2014-10-28 16:36:13 Implementing interface oracle.jdbc.internal.OracleStatement
2014-10-28 16:36:13 Implementing interface oracle.jdbc.OracleCallableStatement
2014-10-28 16:36:13 Implementing interface oracle.jdbc.OraclePreparedStatement
2014-10-28 16:36:13 Implementing interface java.sql.Wrapper
2014-10-28 16:36:13 Implementing interface oracle.jdbc.internal.OraclePreparedStatement
2014-10-28 16:36:13 Implementing interface oracle.jdbc.OracleStatement
2014-10-28 16:36:13 Implementing interface java.sql.PreparedStatement
2014-10-28 16:36:13 Implementing interface oracle.jdbc.internal.OracleCallableStatement
2014-10-28 16:36:13 Implementing interface java.sql.CallableStatement
2014-10-28 16:38:03 Running ShutdownHook
2014-10-28 16:38:03 Shutting down 'com.metarnet.sfpw.base.database.Database.kyland_wx_eth' pool immediately [Shutdown Hook]
2014-10-28 16:38:03 000046 (00/02/00) - #0003 removed because of shutdown.
2014-10-28 16:38:03 Connection #3 closed
2014-10-28 16:38:03 000046 (00/01/00) - #0002 removed because of shutdown.
2014-10-28 16:38:03 Connection #2 closed
2014-10-28 16:38:03 000046 (00/00/00) - #0001 removed because of shutdown.
2014-10-28 16:38:03 Connection #1 closed
2014-10-28 16:38:03 'com.metarnet.sfpw.base.database.Database.kyland_wx_eth' pool has been closed down by Shutdown Hook in 6 milliseconds.
2014-10-28 16:38:03 Stopping Prototyper thread
2014-10-28 16:38:03 Stopping HouseKeeper thread
