2014-07-25 10:26:16 配置读取完成。。。
2014-07-25 10:26:16 配置读取完成。。。
2014-07-25 10:28:11 配置读取完成。。。
2014-07-25 10:28:11 配置读取完成。。。
2014-07-25 10:31:51 配置读取完成。。。
2014-07-25 10:31:51 配置读取完成。。。
2014-07-25 10:31:52 数据库初始化完成。。。
2014-07-25 10:33:55 配置读取完成。。。
2014-07-25 10:33:55 配置读取完成。。。
2014-07-25 10:33:56 数据库初始化完成。。。
2014-07-25 10:33:56 读取tl1命令完成。。
2014-07-25 10:33:56 采集接口初始化完成。。。
2014-07-25 10:36:31 配置读取完成。。。
2014-07-25 10:36:31 配置读取完成。。。
2014-07-25 10:36:32 数据库初始化完成。。。
2014-07-25 10:36:32 读取tl1命令完成。。
2014-07-25 10:36:32 采集接口初始化完成。。。
2014-07-25 10:36:32 任务管理启动成功
2014-07-25 10:36:32 DCPHandler初始化成功。。。
2014-07-25 11:33:22 配置读取完成。。。
2014-07-25 11:33:22 配置读取完成。。。
2014-07-25 11:33:22 数据库初始化完成。。。
2014-07-25 11:33:22 读取tl1命令完成。。
2014-07-25 11:33:22 采集接口初始化完成。。。
2014-07-25 11:33:22 任务管理启动成功
2014-07-25 11:33:22 DCPHandler初始化成功。。。
2014-07-25 11:42:59 配置读取完成。。。
2014-07-25 11:42:59 配置读取完成。。。
2014-07-25 11:43:00 数据库初始化完成。。。
2014-07-25 11:43:00 读取tl1命令完成。。
2014-07-25 11:43:00 采集接口初始化完成。。。
2014-07-25 11:43:00 任务管理启动成功
2014-07-25 11:43:00 DCPHandler初始化成功。。。
2014-07-25 11:49:45 配置读取完成。。。
2014-07-25 11:49:45 配置读取完成。。。
2014-07-25 11:50:01 配置读取完成。。。
2014-07-25 11:50:01 配置读取完成。。。
2014-07-25 11:50:02 数据库初始化完成。。。
2014-07-25 11:50:02 读取tl1命令完成。。
2014-07-25 11:50:02 采集接口初始化完成。。。
2014-07-25 11:50:02 任务管理启动成功
2014-07-25 11:50:02 DCPHandler初始化成功。。。
2014-07-25 11:58:24 配置读取完成。。。
2014-07-25 11:58:25 配置读取完成。。。
2014-07-25 11:58:38 配置读取完成。。。
2014-07-25 11:58:38 配置读取完成。。。
2014-07-25 11:58:38 数据库初始化完成。。。
2014-07-25 11:58:38 读取tl1命令完成。。
2014-07-25 11:58:38 采集接口初始化完成。。。
2014-07-25 11:58:38 任务管理启动成功
2014-07-25 11:58:38 DCPHandler初始化成功。。。
2014-07-25 12:04:46 配置读取完成。。。
2014-07-25 12:04:46 配置读取完成。。。
2014-07-25 12:04:58 配置读取完成。。。
2014-07-25 12:04:58 配置读取完成。。。
2014-07-25 12:04:59 数据库初始化完成。。。
2014-07-25 12:04:59 读取tl1命令完成。。
2014-07-25 12:04:59 采集接口初始化完成。。。
2014-07-25 12:04:59 任务管理启动成功
2014-07-25 12:04:59 DCPHandler初始化成功。。。
2014-07-25 12:10:30 配置读取完成。。。
2014-07-25 12:10:30 配置读取完成。。。
2014-07-25 12:10:42 配置读取完成。。。
2014-07-25 12:10:42 配置读取完成。。。
2014-07-25 12:10:43 数据库初始化完成。。。
2014-07-25 12:10:43 读取tl1命令完成。。
2014-07-25 12:10:43 采集接口初始化完成。。。
2014-07-25 12:10:43 任务管理启动成功
2014-07-25 12:10:43 DCPHandler初始化成功。。。
2014-07-25 12:12:50 配置读取完成。。。
2014-07-25 12:12:50 配置读取完成。。。
2014-07-25 12:13:03 配置读取完成。。。
2014-07-25 12:13:03 配置读取完成。。。
2014-07-25 12:13:03 数据库初始化完成。。。
2014-07-25 12:13:03 读取tl1命令完成。。
2014-07-25 12:13:03 采集接口初始化完成。。。
2014-07-25 12:13:04 任务管理启动成功
2014-07-25 12:13:04 DCPHandler初始化成功。。。
2014-07-25 12:16:54 配置读取完成。。。
2014-07-25 12:16:54 配置读取完成。。。
2014-07-25 12:17:04 配置读取完成。。。
2014-07-25 12:17:04 配置读取完成。。。
2014-07-25 12:17:05 数据库初始化完成。。。
2014-07-25 12:17:05 读取tl1命令完成。。
2014-07-25 12:17:05 采集接口初始化完成。。。
2014-07-25 12:17:05 任务管理启动成功
2014-07-25 12:17:05 DCPHandler初始化成功。。。
2014-07-25 14:41:15 配置读取完成。。。
2014-07-25 14:41:15 配置读取完成。。。
2014-07-25 14:41:53 配置读取完成。。。
2014-07-25 14:41:53 配置读取完成。。。
2014-07-25 14:41:54 数据库初始化完成。。。
2014-07-25 14:41:54 读取tl1命令完成。。
2014-07-25 14:41:54 采集接口初始化完成。。。
2014-07-25 14:41:54 任务管理启动成功
2014-07-25 14:41:54 DCPHandler初始化成功。。。
2014-07-25 14:53:54 配置读取完成。。。
2014-07-25 14:53:54 配置读取完成。。。
2014-07-25 14:54:44 配置读取完成。。。
2014-07-25 14:54:44 配置读取完成。。。
2014-07-25 14:54:45 数据库初始化完成。。。
2014-07-25 14:54:45 读取tl1命令完成。。
2014-07-25 14:54:45 采集接口初始化完成。。。
2014-07-25 14:54:45 任务管理启动成功
2014-07-25 14:54:45 DCPHandler初始化成功。。。
2014-07-25 14:58:23 配置读取完成。。。
2014-07-25 14:58:23 配置读取完成。。。
2014-07-25 14:58:40 配置读取完成。。。
2014-07-25 14:58:40 配置读取完成。。。
2014-07-25 14:58:40 数据库初始化完成。。。
2014-07-25 14:58:40 读取tl1命令完成。。
2014-07-25 14:58:40 采集接口初始化完成。。。
2014-07-25 14:58:41 任务管理启动成功
2014-07-25 14:58:41 DCPHandler初始化成功。。。
2014-07-25 15:03:05 配置读取完成。。。
2014-07-25 15:03:05 配置读取完成。。。
2014-07-25 15:03:06 数据库初始化完成。。。
2014-07-25 15:03:06 读取tl1命令完成。。
2014-07-25 15:03:06 采集接口初始化完成。。。
2014-07-25 15:03:06 任务管理启动成功
2014-07-25 15:03:06 DCPHandler初始化成功。。。
2014-07-25 15:05:26 配置读取完成。。。
2014-07-25 15:05:26 配置读取完成。。。
2014-07-25 15:05:27 数据库初始化完成。。。
2014-07-25 15:05:27 读取tl1命令完成。。
2014-07-25 15:05:27 采集接口初始化完成。。。
2014-07-25 15:05:27 任务管理启动成功
2014-07-25 15:05:27 DCPHandler初始化成功。。。
2014-07-25 15:09:19 配置读取完成。。。
2014-07-25 15:09:19 配置读取完成。。。
2014-07-25 15:09:38 配置读取完成。。。
2014-07-25 15:09:38 配置读取完成。。。
2014-07-25 15:09:39 数据库初始化完成。。。
2014-07-25 15:09:39 读取tl1命令完成。。
2014-07-25 15:09:39 采集接口初始化完成。。。
2014-07-25 15:09:39 任务管理启动成功
2014-07-25 15:09:39 DCPHandler初始化成功。。。
2014-07-25 15:17:07 配置读取完成。。。
2014-07-25 15:17:07 配置读取完成。。。
2014-07-25 15:17:24 配置读取完成。。。
2014-07-25 15:17:24 配置读取完成。。。
2014-07-25 15:17:25 数据库初始化完成。。。
2014-07-25 15:17:25 读取tl1命令完成。。
2014-07-25 15:17:25 采集接口初始化完成。。。
2014-07-25 15:17:25 任务管理启动成功
2014-07-25 15:17:25 DCPHandler初始化成功。。。
2014-07-25 15:20:35 配置读取完成。。。
2014-07-25 15:20:35 配置读取完成。。。
2014-07-25 15:20:46 配置读取完成。。。
2014-07-25 15:20:46 配置读取完成。。。
2014-07-25 15:20:47 数据库初始化完成。。。
2014-07-25 15:20:47 读取tl1命令完成。。
2014-07-25 15:20:47 采集接口初始化完成。。。
2014-07-25 15:20:47 任务管理启动成功
2014-07-25 15:20:47 DCPHandler初始化成功。。。
2014-07-25 15:25:03 配置读取完成。。。
2014-07-25 15:25:03 配置读取完成。。。
2014-07-25 15:25:20 配置读取完成。。。
2014-07-25 15:25:20 配置读取完成。。。
2014-07-25 15:25:21 数据库初始化完成。。。
2014-07-25 15:25:21 读取tl1命令完成。。
2014-07-25 15:25:21 采集接口初始化完成。。。
2014-07-25 15:25:21 任务管理启动成功
2014-07-25 15:25:21 DCPHandler初始化成功。。。
2014-07-25 15:38:49 配置读取完成。。。
2014-07-25 15:38:49 配置读取完成。。。
2014-07-25 15:38:49 数据库初始化完成。。。
2014-07-25 15:38:49 读取tl1命令完成。。
2014-07-25 15:38:49 采集接口初始化完成。。。
2014-07-25 15:38:50 任务管理启动成功
2014-07-25 15:38:50 DCPHandler初始化成功。。。
